ERROR - 2024-05-11 03:11:34 --> mysqli_sql_exception: Table 'db_transaksi.dosen' doesn't exist in C:\xampp\htdocs\project\system\Database\MySQLi\Connection.php:306
Stack trace:
#0 C:\xampp\htdocs\project\system\Database\MySQLi\Connection.php(306): mysqli->query('SELECT COUNT(*)...', 0)
#1 C:\xampp\htdocs\project\system\Database\BaseConnection.php(693): CodeIgniter\Database\MySQLi\Connection->execute('SELECT COUNT(*)...')
#2 C:\xampp\htdocs\project\system\Database\BaseConnection.php(607): CodeIgniter\Database\BaseConnection->simpleQuery('SELECT COUNT(*)...')
#3 C:\xampp\htdocs\project\system\Database\BaseBuilder.php(1700): CodeIgniter\Database\BaseConnection->query('SELECT COUNT(*)...', Array, false)
#4 C:\xampp\htdocs\project\system\Model.php(624): CodeIgniter\Database\BaseBuilder->countAllResults(false)
#5 C:\xampp\htdocs\project\system\BaseModel.php(1239): CodeIgniter\Model->countAllResults(false)
#6 C:\xampp\htdocs\project\app\Controllers\Dosen.php(26): CodeIgniter\BaseModel->paginate(2, 'dosen')
#7 C:\xampp\htdocs\project\system\CodeIgniter.php(941): App\Controllers\Dosen->index()
#8 C:\xampp\htdocs\project\system\CodeIgniter.php(502): CodeIgniter\CodeIgniter->runController(Object(App\Controllers\Dosen))
#9 C:\xampp\htdocs\project\system\CodeIgniter.php(361): CodeIgniter\CodeIgniter->handleRequest(NULL, Object(Config\Cache), false)
#10 C:\xampp\htdocs\project\public\index.php(79): CodeIgniter\CodeIgniter->run()
#11 C:\xampp\htdocs\project\system\Commands\Server\rewrite.php(47): require_once('C:\\xampp\\htdocs...')
#12 {main}
CRITICAL - 2024-05-11 03:11:34 --> CodeIgniter\Database\Exceptions\DatabaseException: Table 'db_transaksi.dosen' doesn't exist
in SYSTEMPATH\Database\BaseConnection.php on line 647.
 1 SYSTEMPATH\Database\BaseBuilder.php(1700): CodeIgniter\Database\BaseConnection->query('SELECT COUNT(*) AS `numrows`
FROM `dosen`', [], false)
 2 SYSTEMPATH\Model.php(624): CodeIgniter\Database\BaseBuilder->countAllResults(false)
 3 SYSTEMPATH\BaseModel.php(1239): CodeIgniter\Model->countAllResults(false)
 4 APPPATH\Controllers\Dosen.php(26): CodeIgniter\BaseModel->paginate(2, 'dosen')
 5 SYSTEMPATH\CodeIgniter.php(941): App\Controllers\Dosen->index()
 6 SYSTEMPATH\CodeIgniter.php(502): CodeIgniter\CodeIgniter->runController(Object(App\Controllers\Dosen))
 7 SYSTEMPATH\CodeIgniter.php(361): CodeIgniter\CodeIgniter->handleRequest(null, Object(Config\Cache), false)
 8 FCPATH\index.php(79): CodeIgniter\CodeIgniter->run()
 9 SYSTEMPATH\Commands\Server\rewrite.php(47): require_once('C:\\xampp\\htdocs\\project\\public\\index.php')
CRITICAL - 2024-05-11 03:11:34 --> [Caused by] CodeIgniter\Database\Exceptions\DatabaseException: Table 'db_transaksi.dosen' doesn't exist
in SYSTEMPATH\Database\MySQLi\Connection.php on line 311.
 1 SYSTEMPATH\Database\BaseConnection.php(693): CodeIgniter\Database\MySQLi\Connection->execute('SELECT COUNT(*) AS `numrows`
FROM `dosen`')
 2 SYSTEMPATH\Database\BaseConnection.php(607): CodeIgniter\Database\BaseConnection->simpleQuery('SELECT COUNT(*) AS `numrows`
FROM `dosen`')
 3 SYSTEMPATH\Database\BaseBuilder.php(1700): CodeIgniter\Database\BaseConnection->query('SELECT COUNT(*) AS `numrows`
FROM `dosen`', [], false)
 4 SYSTEMPATH\Model.php(624): CodeIgniter\Database\BaseBuilder->countAllResults(false)
 5 SYSTEMPATH\BaseModel.php(1239): CodeIgniter\Model->countAllResults(false)
 6 APPPATH\Controllers\Dosen.php(26): CodeIgniter\BaseModel->paginate(2, 'dosen')
 7 SYSTEMPATH\CodeIgniter.php(941): App\Controllers\Dosen->index()
 8 SYSTEMPATH\CodeIgniter.php(502): CodeIgniter\CodeIgniter->runController(Object(App\Controllers\Dosen))
 9 SYSTEMPATH\CodeIgniter.php(361): CodeIgniter\CodeIgniter->handleRequest(null, Object(Config\Cache), false)
10 FCPATH\index.php(79): CodeIgniter\CodeIgniter->run()
11 SYSTEMPATH\Commands\Server\rewrite.php(47): require_once('C:\\xampp\\htdocs\\project\\public\\index.php')
CRITICAL - 2024-05-11 03:11:34 --> [Caused by] mysqli_sql_exception: Table 'db_transaksi.dosen' doesn't exist
in SYSTEMPATH\Database\MySQLi\Connection.php on line 306.
 1 SYSTEMPATH\Database\MySQLi\Connection.php(306): mysqli->query('SELECT COUNT(*) AS `numrows`
FROM `dosen`', 0)
 2 SYSTEMPATH\Database\BaseConnection.php(693): CodeIgniter\Database\MySQLi\Connection->execute('SELECT COUNT(*) AS `numrows`
FROM `dosen`')
 3 SYSTEMPATH\Database\BaseConnection.php(607): CodeIgniter\Database\BaseConnection->simpleQuery('SELECT COUNT(*) AS `numrows`
FROM `dosen`')
 4 SYSTEMPATH\Database\BaseBuilder.php(1700): CodeIgniter\Database\BaseConnection->query('SELECT COUNT(*) AS `numrows`
FROM `dosen`', [], false)
 5 SYSTEMPATH\Model.php(624): CodeIgniter\Database\BaseBuilder->countAllResults(false)
 6 SYSTEMPATH\BaseModel.php(1239): CodeIgniter\Model->countAllResults(false)
 7 APPPATH\Controllers\Dosen.php(26): CodeIgniter\BaseModel->paginate(2, 'dosen')
 8 SYSTEMPATH\CodeIgniter.php(941): App\Controllers\Dosen->index()
 9 SYSTEMPATH\CodeIgniter.php(502): CodeIgniter\CodeIgniter->runController(Object(App\Controllers\Dosen))
10 SYSTEMPATH\CodeIgniter.php(361): CodeIgniter\CodeIgniter->handleRequest(null, Object(Config\Cache), false)
11 FCPATH\index.php(79): CodeIgniter\CodeIgniter->run()
12 SYSTEMPATH\Commands\Server\rewrite.php(47): require_once('C:\\xampp\\htdocs\\project\\public\\index.php')
ERROR - 2024-05-11 03:17:07 --> mysqli_sql_exception: Table 'db_transaksi.dosen' doesn't exist in C:\xampp\htdocs\project\system\Database\MySQLi\Connection.php:306
Stack trace:
#0 C:\xampp\htdocs\project\system\Database\MySQLi\Connection.php(306): mysqli->query('SELECT COUNT(*)...', 0)
#1 C:\xampp\htdocs\project\system\Database\BaseConnection.php(693): CodeIgniter\Database\MySQLi\Connection->execute('SELECT COUNT(*)...')
#2 C:\xampp\htdocs\project\system\Database\BaseConnection.php(607): CodeIgniter\Database\BaseConnection->simpleQuery('SELECT COUNT(*)...')
#3 C:\xampp\htdocs\project\system\Database\BaseBuilder.php(1700): CodeIgniter\Database\BaseConnection->query('SELECT COUNT(*)...', Array, false)
#4 C:\xampp\htdocs\project\system\Model.php(624): CodeIgniter\Database\BaseBuilder->countAllResults(false)
#5 C:\xampp\htdocs\project\system\BaseModel.php(1239): CodeIgniter\Model->countAllResults(false)
#6 C:\xampp\htdocs\project\app\Controllers\Dosen.php(26): CodeIgniter\BaseModel->paginate(2, 'dosen')
#7 C:\xampp\htdocs\project\system\CodeIgniter.php(941): App\Controllers\Dosen->index()
#8 C:\xampp\htdocs\project\system\CodeIgniter.php(502): CodeIgniter\CodeIgniter->runController(Object(App\Controllers\Dosen))
#9 C:\xampp\htdocs\project\system\CodeIgniter.php(361): CodeIgniter\CodeIgniter->handleRequest(NULL, Object(Config\Cache), false)
#10 C:\xampp\htdocs\project\public\index.php(79): CodeIgniter\CodeIgniter->run()
#11 C:\xampp\htdocs\project\system\Commands\Server\rewrite.php(47): require_once('C:\\xampp\\htdocs...')
#12 {main}
CRITICAL - 2024-05-11 03:17:07 --> CodeIgniter\Database\Exceptions\DatabaseException: Table 'db_transaksi.dosen' doesn't exist
in SYSTEMPATH\Database\BaseConnection.php on line 647.
 1 SYSTEMPATH\Database\BaseBuilder.php(1700): CodeIgniter\Database\BaseConnection->query('SELECT COUNT(*) AS `numrows`
FROM `dosen`', [], false)
 2 SYSTEMPATH\Model.php(624): CodeIgniter\Database\BaseBuilder->countAllResults(false)
 3 SYSTEMPATH\BaseModel.php(1239): CodeIgniter\Model->countAllResults(false)
 4 APPPATH\Controllers\Dosen.php(26): CodeIgniter\BaseModel->paginate(2, 'dosen')
 5 SYSTEMPATH\CodeIgniter.php(941): App\Controllers\Dosen->index()
 6 SYSTEMPATH\CodeIgniter.php(502): CodeIgniter\CodeIgniter->runController(Object(App\Controllers\Dosen))
 7 SYSTEMPATH\CodeIgniter.php(361): CodeIgniter\CodeIgniter->handleRequest(null, Object(Config\Cache), false)
 8 FCPATH\index.php(79): CodeIgniter\CodeIgniter->run()
 9 SYSTEMPATH\Commands\Server\rewrite.php(47): require_once('C:\\xampp\\htdocs\\project\\public\\index.php')
CRITICAL - 2024-05-11 03:17:07 --> [Caused by] CodeIgniter\Database\Exceptions\DatabaseException: Table 'db_transaksi.dosen' doesn't exist
in SYSTEMPATH\Database\MySQLi\Connection.php on line 311.
 1 SYSTEMPATH\Database\BaseConnection.php(693): CodeIgniter\Database\MySQLi\Connection->execute('SELECT COUNT(*) AS `numrows`
FROM `dosen`')
 2 SYSTEMPATH\Database\BaseConnection.php(607): CodeIgniter\Database\BaseConnection->simpleQuery('SELECT COUNT(*) AS `numrows`
FROM `dosen`')
 3 SYSTEMPATH\Database\BaseBuilder.php(1700): CodeIgniter\Database\BaseConnection->query('SELECT COUNT(*) AS `numrows`
FROM `dosen`', [], false)
 4 SYSTEMPATH\Model.php(624): CodeIgniter\Database\BaseBuilder->countAllResults(false)
 5 SYSTEMPATH\BaseModel.php(1239): CodeIgniter\Model->countAllResults(false)
 6 APPPATH\Controllers\Dosen.php(26): CodeIgniter\BaseModel->paginate(2, 'dosen')
 7 SYSTEMPATH\CodeIgniter.php(941): App\Controllers\Dosen->index()
 8 SYSTEMPATH\CodeIgniter.php(502): CodeIgniter\CodeIgniter->runController(Object(App\Controllers\Dosen))
 9 SYSTEMPATH\CodeIgniter.php(361): CodeIgniter\CodeIgniter->handleRequest(null, Object(Config\Cache), false)
10 FCPATH\index.php(79): CodeIgniter\CodeIgniter->run()
11 SYSTEMPATH\Commands\Server\rewrite.php(47): require_once('C:\\xampp\\htdocs\\project\\public\\index.php')
CRITICAL - 2024-05-11 03:17:07 --> [Caused by] mysqli_sql_exception: Table 'db_transaksi.dosen' doesn't exist
in SYSTEMPATH\Database\MySQLi\Connection.php on line 306.
 1 SYSTEMPATH\Database\MySQLi\Connection.php(306): mysqli->query('SELECT COUNT(*) AS `numrows`
FROM `dosen`', 0)
 2 SYSTEMPATH\Database\BaseConnection.php(693): CodeIgniter\Database\MySQLi\Connection->execute('SELECT COUNT(*) AS `numrows`
FROM `dosen`')
 3 SYSTEMPATH\Database\BaseConnection.php(607): CodeIgniter\Database\BaseConnection->simpleQuery('SELECT COUNT(*) AS `numrows`
FROM `dosen`')
 4 SYSTEMPATH\Database\BaseBuilder.php(1700): CodeIgniter\Database\BaseConnection->query('SELECT COUNT(*) AS `numrows`
FROM `dosen`', [], false)
 5 SYSTEMPATH\Model.php(624): CodeIgniter\Database\BaseBuilder->countAllResults(false)
 6 SYSTEMPATH\BaseModel.php(1239): CodeIgniter\Model->countAllResults(false)
 7 APPPATH\Controllers\Dosen.php(26): CodeIgniter\BaseModel->paginate(2, 'dosen')
 8 SYSTEMPATH\CodeIgniter.php(941): App\Controllers\Dosen->index()
 9 SYSTEMPATH\CodeIgniter.php(502): CodeIgniter\CodeIgniter->runController(Object(App\Controllers\Dosen))
10 SYSTEMPATH\CodeIgniter.php(361): CodeIgniter\CodeIgniter->handleRequest(null, Object(Config\Cache), false)
11 FCPATH\index.php(79): CodeIgniter\CodeIgniter->run()
12 SYSTEMPATH\Commands\Server\rewrite.php(47): require_once('C:\\xampp\\htdocs\\project\\public\\index.php')
ERROR - 2024-05-11 03:17:10 --> mysqli_sql_exception: Table 'db_transaksi.dosen' doesn't exist in C:\xampp\htdocs\project\system\Database\MySQLi\Connection.php:306
Stack trace:
#0 C:\xampp\htdocs\project\system\Database\MySQLi\Connection.php(306): mysqli->query('SELECT COUNT(*)...', 0)
#1 C:\xampp\htdocs\project\system\Database\BaseConnection.php(693): CodeIgniter\Database\MySQLi\Connection->execute('SELECT COUNT(*)...')
#2 C:\xampp\htdocs\project\system\Database\BaseConnection.php(607): CodeIgniter\Database\BaseConnection->simpleQuery('SELECT COUNT(*)...')
#3 C:\xampp\htdocs\project\system\Database\BaseBuilder.php(1700): CodeIgniter\Database\BaseConnection->query('SELECT COUNT(*)...', Array, false)
#4 C:\xampp\htdocs\project\system\Model.php(624): CodeIgniter\Database\BaseBuilder->countAllResults(false)
#5 C:\xampp\htdocs\project\system\BaseModel.php(1239): CodeIgniter\Model->countAllResults(false)
#6 C:\xampp\htdocs\project\app\Controllers\Dosen.php(26): CodeIgniter\BaseModel->paginate(2, 'dosen')
#7 C:\xampp\htdocs\project\system\CodeIgniter.php(941): App\Controllers\Dosen->index()
#8 C:\xampp\htdocs\project\system\CodeIgniter.php(502): CodeIgniter\CodeIgniter->runController(Object(App\Controllers\Dosen))
#9 C:\xampp\htdocs\project\system\CodeIgniter.php(361): CodeIgniter\CodeIgniter->handleRequest(NULL, Object(Config\Cache), false)
#10 C:\xampp\htdocs\project\public\index.php(79): CodeIgniter\CodeIgniter->run()
#11 C:\xampp\htdocs\project\system\Commands\Server\rewrite.php(47): require_once('C:\\xampp\\htdocs...')
#12 {main}
CRITICAL - 2024-05-11 03:17:10 --> CodeIgniter\Database\Exceptions\DatabaseException: Table 'db_transaksi.dosen' doesn't exist
in SYSTEMPATH\Database\BaseConnection.php on line 647.
 1 SYSTEMPATH\Database\BaseBuilder.php(1700): CodeIgniter\Database\BaseConnection->query('SELECT COUNT(*) AS `numrows`
FROM `dosen`', [], false)
 2 SYSTEMPATH\Model.php(624): CodeIgniter\Database\BaseBuilder->countAllResults(false)
 3 SYSTEMPATH\BaseModel.php(1239): CodeIgniter\Model->countAllResults(false)
 4 APPPATH\Controllers\Dosen.php(26): CodeIgniter\BaseModel->paginate(2, 'dosen')
 5 SYSTEMPATH\CodeIgniter.php(941): App\Controllers\Dosen->index()
 6 SYSTEMPATH\CodeIgniter.php(502): CodeIgniter\CodeIgniter->runController(Object(App\Controllers\Dosen))
 7 SYSTEMPATH\CodeIgniter.php(361): CodeIgniter\CodeIgniter->handleRequest(null, Object(Config\Cache), false)
 8 FCPATH\index.php(79): CodeIgniter\CodeIgniter->run()
 9 SYSTEMPATH\Commands\Server\rewrite.php(47): require_once('C:\\xampp\\htdocs\\project\\public\\index.php')
CRITICAL - 2024-05-11 03:17:10 --> [Caused by] CodeIgniter\Database\Exceptions\DatabaseException: Table 'db_transaksi.dosen' doesn't exist
in SYSTEMPATH\Database\MySQLi\Connection.php on line 311.
 1 SYSTEMPATH\Database\BaseConnection.php(693): CodeIgniter\Database\MySQLi\Connection->execute('SELECT COUNT(*) AS `numrows`
FROM `dosen`')
 2 SYSTEMPATH\Database\BaseConnection.php(607): CodeIgniter\Database\BaseConnection->simpleQuery('SELECT COUNT(*) AS `numrows`
FROM `dosen`')
 3 SYSTEMPATH\Database\BaseBuilder.php(1700): CodeIgniter\Database\BaseConnection->query('SELECT COUNT(*) AS `numrows`
FROM `dosen`', [], false)
 4 SYSTEMPATH\Model.php(624): CodeIgniter\Database\BaseBuilder->countAllResults(false)
 5 SYSTEMPATH\BaseModel.php(1239): CodeIgniter\Model->countAllResults(false)
 6 APPPATH\Controllers\Dosen.php(26): CodeIgniter\BaseModel->paginate(2, 'dosen')
 7 SYSTEMPATH\CodeIgniter.php(941): App\Controllers\Dosen->index()
 8 SYSTEMPATH\CodeIgniter.php(502): CodeIgniter\CodeIgniter->runController(Object(App\Controllers\Dosen))
 9 SYSTEMPATH\CodeIgniter.php(361): CodeIgniter\CodeIgniter->handleRequest(null, Object(Config\Cache), false)
10 FCPATH\index.php(79): CodeIgniter\CodeIgniter->run()
11 SYSTEMPATH\Commands\Server\rewrite.php(47): require_once('C:\\xampp\\htdocs\\project\\public\\index.php')
CRITICAL - 2024-05-11 03:17:10 --> [Caused by] mysqli_sql_exception: Table 'db_transaksi.dosen' doesn't exist
in SYSTEMPATH\Database\MySQLi\Connection.php on line 306.
 1 SYSTEMPATH\Database\MySQLi\Connection.php(306): mysqli->query('SELECT COUNT(*) AS `numrows`
FROM `dosen`', 0)
 2 SYSTEMPATH\Database\BaseConnection.php(693): CodeIgniter\Database\MySQLi\Connection->execute('SELECT COUNT(*) AS `numrows`
FROM `dosen`')
 3 SYSTEMPATH\Database\BaseConnection.php(607): CodeIgniter\Database\BaseConnection->simpleQuery('SELECT COUNT(*) AS `numrows`
FROM `dosen`')
 4 SYSTEMPATH\Database\BaseBuilder.php(1700): CodeIgniter\Database\BaseConnection->query('SELECT COUNT(*) AS `numrows`
FROM `dosen`', [], false)
 5 SYSTEMPATH\Model.php(624): CodeIgniter\Database\BaseBuilder->countAllResults(false)
 6 SYSTEMPATH\BaseModel.php(1239): CodeIgniter\Model->countAllResults(false)
 7 APPPATH\Controllers\Dosen.php(26): CodeIgniter\BaseModel->paginate(2, 'dosen')
 8 SYSTEMPATH\CodeIgniter.php(941): App\Controllers\Dosen->index()
 9 SYSTEMPATH\CodeIgniter.php(502): CodeIgniter\CodeIgniter->runController(Object(App\Controllers\Dosen))
10 SYSTEMPATH\CodeIgniter.php(361): CodeIgniter\CodeIgniter->handleRequest(null, Object(Config\Cache), false)
11 FCPATH\index.php(79): CodeIgniter\CodeIgniter->run()
12 SYSTEMPATH\Commands\Server\rewrite.php(47): require_once('C:\\xampp\\htdocs\\project\\public\\index.php')
ERROR - 2024-05-11 03:17:50 --> mysqli_sql_exception: Table 'db_transaksi.dosen' doesn't exist in C:\xampp\htdocs\project\system\Database\MySQLi\Connection.php:306
Stack trace:
#0 C:\xampp\htdocs\project\system\Database\MySQLi\Connection.php(306): mysqli->query('SELECT COUNT(*)...', 0)
#1 C:\xampp\htdocs\project\system\Database\BaseConnection.php(693): CodeIgniter\Database\MySQLi\Connection->execute('SELECT COUNT(*)...')
#2 C:\xampp\htdocs\project\system\Database\BaseConnection.php(607): CodeIgniter\Database\BaseConnection->simpleQuery('SELECT COUNT(*)...')
#3 C:\xampp\htdocs\project\system\Database\BaseBuilder.php(1700): CodeIgniter\Database\BaseConnection->query('SELECT COUNT(*)...', Array, false)
#4 C:\xampp\htdocs\project\system\Model.php(624): CodeIgniter\Database\BaseBuilder->countAllResults(false)
#5 C:\xampp\htdocs\project\system\BaseModel.php(1239): CodeIgniter\Model->countAllResults(false)
#6 C:\xampp\htdocs\project\app\Controllers\Dosen.php(26): CodeIgniter\BaseModel->paginate(2, 'dosen')
#7 C:\xampp\htdocs\project\system\CodeIgniter.php(941): App\Controllers\Dosen->index()
#8 C:\xampp\htdocs\project\system\CodeIgniter.php(502): CodeIgniter\CodeIgniter->runController(Object(App\Controllers\Dosen))
#9 C:\xampp\htdocs\project\system\CodeIgniter.php(361): CodeIgniter\CodeIgniter->handleRequest(NULL, Object(Config\Cache), false)
#10 C:\xampp\htdocs\project\public\index.php(79): CodeIgniter\CodeIgniter->run()
#11 C:\xampp\htdocs\project\system\Commands\Server\rewrite.php(47): require_once('C:\\xampp\\htdocs...')
#12 {main}
CRITICAL - 2024-05-11 03:17:50 --> CodeIgniter\Database\Exceptions\DatabaseException: Table 'db_transaksi.dosen' doesn't exist
in SYSTEMPATH\Database\BaseConnection.php on line 647.
 1 SYSTEMPATH\Database\BaseBuilder.php(1700): CodeIgniter\Database\BaseConnection->query('SELECT COUNT(*) AS `numrows`
FROM `dosen`', [], false)
 2 SYSTEMPATH\Model.php(624): CodeIgniter\Database\BaseBuilder->countAllResults(false)
 3 SYSTEMPATH\BaseModel.php(1239): CodeIgniter\Model->countAllResults(false)
 4 APPPATH\Controllers\Dosen.php(26): CodeIgniter\BaseModel->paginate(2, 'dosen')
 5 SYSTEMPATH\CodeIgniter.php(941): App\Controllers\Dosen->index()
 6 SYSTEMPATH\CodeIgniter.php(502): CodeIgniter\CodeIgniter->runController(Object(App\Controllers\Dosen))
 7 SYSTEMPATH\CodeIgniter.php(361): CodeIgniter\CodeIgniter->handleRequest(null, Object(Config\Cache), false)
 8 FCPATH\index.php(79): CodeIgniter\CodeIgniter->run()
 9 SYSTEMPATH\Commands\Server\rewrite.php(47): require_once('C:\\xampp\\htdocs\\project\\public\\index.php')
CRITICAL - 2024-05-11 03:17:50 --> [Caused by] CodeIgniter\Database\Exceptions\DatabaseException: Table 'db_transaksi.dosen' doesn't exist
in SYSTEMPATH\Database\MySQLi\Connection.php on line 311.
 1 SYSTEMPATH\Database\BaseConnection.php(693): CodeIgniter\Database\MySQLi\Connection->execute('SELECT COUNT(*) AS `numrows`
FROM `dosen`')
 2 SYSTEMPATH\Database\BaseConnection.php(607): CodeIgniter\Database\BaseConnection->simpleQuery('SELECT COUNT(*) AS `numrows`
FROM `dosen`')
 3 SYSTEMPATH\Database\BaseBuilder.php(1700): CodeIgniter\Database\BaseConnection->query('SELECT COUNT(*) AS `numrows`
FROM `dosen`', [], false)
 4 SYSTEMPATH\Model.php(624): CodeIgniter\Database\BaseBuilder->countAllResults(false)
 5 SYSTEMPATH\BaseModel.php(1239): CodeIgniter\Model->countAllResults(false)
 6 APPPATH\Controllers\Dosen.php(26): CodeIgniter\BaseModel->paginate(2, 'dosen')
 7 SYSTEMPATH\CodeIgniter.php(941): App\Controllers\Dosen->index()
 8 SYSTEMPATH\CodeIgniter.php(502): CodeIgniter\CodeIgniter->runController(Object(App\Controllers\Dosen))
 9 SYSTEMPATH\CodeIgniter.php(361): CodeIgniter\CodeIgniter->handleRequest(null, Object(Config\Cache), false)
10 FCPATH\index.php(79): CodeIgniter\CodeIgniter->run()
11 SYSTEMPATH\Commands\Server\rewrite.php(47): require_once('C:\\xampp\\htdocs\\project\\public\\index.php')
CRITICAL - 2024-05-11 03:17:50 --> [Caused by] mysqli_sql_exception: Table 'db_transaksi.dosen' doesn't exist
in SYSTEMPATH\Database\MySQLi\Connection.php on line 306.
 1 SYSTEMPATH\Database\MySQLi\Connection.php(306): mysqli->query('SELECT COUNT(*) AS `numrows`
FROM `dosen`', 0)
 2 SYSTEMPATH\Database\BaseConnection.php(693): CodeIgniter\Database\MySQLi\Connection->execute('SELECT COUNT(*) AS `numrows`
FROM `dosen`')
 3 SYSTEMPATH\Database\BaseConnection.php(607): CodeIgniter\Database\BaseConnection->simpleQuery('SELECT COUNT(*) AS `numrows`
FROM `dosen`')
 4 SYSTEMPATH\Database\BaseBuilder.php(1700): CodeIgniter\Database\BaseConnection->query('SELECT COUNT(*) AS `numrows`
FROM `dosen`', [], false)
 5 SYSTEMPATH\Model.php(624): CodeIgniter\Database\BaseBuilder->countAllResults(false)
 6 SYSTEMPATH\BaseModel.php(1239): CodeIgniter\Model->countAllResults(false)
 7 APPPATH\Controllers\Dosen.php(26): CodeIgniter\BaseModel->paginate(2, 'dosen')
 8 SYSTEMPATH\CodeIgniter.php(941): App\Controllers\Dosen->index()
 9 SYSTEMPATH\CodeIgniter.php(502): CodeIgniter\CodeIgniter->runController(Object(App\Controllers\Dosen))
10 SYSTEMPATH\CodeIgniter.php(361): CodeIgniter\CodeIgniter->handleRequest(null, Object(Config\Cache), false)
11 FCPATH\index.php(79): CodeIgniter\CodeIgniter->run()
12 SYSTEMPATH\Commands\Server\rewrite.php(47): require_once('C:\\xampp\\htdocs\\project\\public\\index.php')
ERROR - 2024-05-11 03:17:51 --> mysqli_sql_exception: Table 'db_transaksi.dosen' doesn't exist in C:\xampp\htdocs\project\system\Database\MySQLi\Connection.php:306
Stack trace:
#0 C:\xampp\htdocs\project\system\Database\MySQLi\Connection.php(306): mysqli->query('SELECT COUNT(*)...', 0)
#1 C:\xampp\htdocs\project\system\Database\BaseConnection.php(693): CodeIgniter\Database\MySQLi\Connection->execute('SELECT COUNT(*)...')
#2 C:\xampp\htdocs\project\system\Database\BaseConnection.php(607): CodeIgniter\Database\BaseConnection->simpleQuery('SELECT COUNT(*)...')
#3 C:\xampp\htdocs\project\system\Database\BaseBuilder.php(1700): CodeIgniter\Database\BaseConnection->query('SELECT COUNT(*)...', Array, false)
#4 C:\xampp\htdocs\project\system\Model.php(624): CodeIgniter\Database\BaseBuilder->countAllResults(false)
#5 C:\xampp\htdocs\project\system\BaseModel.php(1239): CodeIgniter\Model->countAllResults(false)
#6 C:\xampp\htdocs\project\app\Controllers\Dosen.php(26): CodeIgniter\BaseModel->paginate(2, 'dosen')
#7 C:\xampp\htdocs\project\system\CodeIgniter.php(941): App\Controllers\Dosen->index()
#8 C:\xampp\htdocs\project\system\CodeIgniter.php(502): CodeIgniter\CodeIgniter->runController(Object(App\Controllers\Dosen))
#9 C:\xampp\htdocs\project\system\CodeIgniter.php(361): CodeIgniter\CodeIgniter->handleRequest(NULL, Object(Config\Cache), false)
#10 C:\xampp\htdocs\project\public\index.php(79): CodeIgniter\CodeIgniter->run()
#11 C:\xampp\htdocs\project\system\Commands\Server\rewrite.php(47): require_once('C:\\xampp\\htdocs...')
#12 {main}
CRITICAL - 2024-05-11 03:17:51 --> CodeIgniter\Database\Exceptions\DatabaseException: Table 'db_transaksi.dosen' doesn't exist
in SYSTEMPATH\Database\BaseConnection.php on line 647.
 1 SYSTEMPATH\Database\BaseBuilder.php(1700): CodeIgniter\Database\BaseConnection->query('SELECT COUNT(*) AS `numrows`
FROM `dosen`', [], false)
 2 SYSTEMPATH\Model.php(624): CodeIgniter\Database\BaseBuilder->countAllResults(false)
 3 SYSTEMPATH\BaseModel.php(1239): CodeIgniter\Model->countAllResults(false)
 4 APPPATH\Controllers\Dosen.php(26): CodeIgniter\BaseModel->paginate(2, 'dosen')
 5 SYSTEMPATH\CodeIgniter.php(941): App\Controllers\Dosen->index()
 6 SYSTEMPATH\CodeIgniter.php(502): CodeIgniter\CodeIgniter->runController(Object(App\Controllers\Dosen))
 7 SYSTEMPATH\CodeIgniter.php(361): CodeIgniter\CodeIgniter->handleRequest(null, Object(Config\Cache), false)
 8 FCPATH\index.php(79): CodeIgniter\CodeIgniter->run()
 9 SYSTEMPATH\Commands\Server\rewrite.php(47): require_once('C:\\xampp\\htdocs\\project\\public\\index.php')
CRITICAL - 2024-05-11 03:17:51 --> [Caused by] CodeIgniter\Database\Exceptions\DatabaseException: Table 'db_transaksi.dosen' doesn't exist
in SYSTEMPATH\Database\MySQLi\Connection.php on line 311.
 1 SYSTEMPATH\Database\BaseConnection.php(693): CodeIgniter\Database\MySQLi\Connection->execute('SELECT COUNT(*) AS `numrows`
FROM `dosen`')
 2 SYSTEMPATH\Database\BaseConnection.php(607): CodeIgniter\Database\BaseConnection->simpleQuery('SELECT COUNT(*) AS `numrows`
FROM `dosen`')
 3 SYSTEMPATH\Database\BaseBuilder.php(1700): CodeIgniter\Database\BaseConnection->query('SELECT COUNT(*) AS `numrows`
FROM `dosen`', [], false)
 4 SYSTEMPATH\Model.php(624): CodeIgniter\Database\BaseBuilder->countAllResults(false)
 5 SYSTEMPATH\BaseModel.php(1239): CodeIgniter\Model->countAllResults(false)
 6 APPPATH\Controllers\Dosen.php(26): CodeIgniter\BaseModel->paginate(2, 'dosen')
 7 SYSTEMPATH\CodeIgniter.php(941): App\Controllers\Dosen->index()
 8 SYSTEMPATH\CodeIgniter.php(502): CodeIgniter\CodeIgniter->runController(Object(App\Controllers\Dosen))
 9 SYSTEMPATH\CodeIgniter.php(361): CodeIgniter\CodeIgniter->handleRequest(null, Object(Config\Cache), false)
10 FCPATH\index.php(79): CodeIgniter\CodeIgniter->run()
11 SYSTEMPATH\Commands\Server\rewrite.php(47): require_once('C:\\xampp\\htdocs\\project\\public\\index.php')
CRITICAL - 2024-05-11 03:17:51 --> [Caused by] mysqli_sql_exception: Table 'db_transaksi.dosen' doesn't exist
in SYSTEMPATH\Database\MySQLi\Connection.php on line 306.
 1 SYSTEMPATH\Database\MySQLi\Connection.php(306): mysqli->query('SELECT COUNT(*) AS `numrows`
FROM `dosen`', 0)
 2 SYSTEMPATH\Database\BaseConnection.php(693): CodeIgniter\Database\MySQLi\Connection->execute('SELECT COUNT(*) AS `numrows`
FROM `dosen`')
 3 SYSTEMPATH\Database\BaseConnection.php(607): CodeIgniter\Database\BaseConnection->simpleQuery('SELECT COUNT(*) AS `numrows`
FROM `dosen`')
 4 SYSTEMPATH\Database\BaseBuilder.php(1700): CodeIgniter\Database\BaseConnection->query('SELECT COUNT(*) AS `numrows`
FROM `dosen`', [], false)
 5 SYSTEMPATH\Model.php(624): CodeIgniter\Database\BaseBuilder->countAllResults(false)
 6 SYSTEMPATH\BaseModel.php(1239): CodeIgniter\Model->countAllResults(false)
 7 APPPATH\Controllers\Dosen.php(26): CodeIgniter\BaseModel->paginate(2, 'dosen')
 8 SYSTEMPATH\CodeIgniter.php(941): App\Controllers\Dosen->index()
 9 SYSTEMPATH\CodeIgniter.php(502): CodeIgniter\CodeIgniter->runController(Object(App\Controllers\Dosen))
10 SYSTEMPATH\CodeIgniter.php(361): CodeIgniter\CodeIgniter->handleRequest(null, Object(Config\Cache), false)
11 FCPATH\index.php(79): CodeIgniter\CodeIgniter->run()
12 SYSTEMPATH\Commands\Server\rewrite.php(47): require_once('C:\\xampp\\htdocs\\project\\public\\index.php')
ERROR - 2024-05-11 03:17:54 --> mysqli_sql_exception: Table 'db_transaksi.dosen' doesn't exist in C:\xampp\htdocs\project\system\Database\MySQLi\Connection.php:306
Stack trace:
#0 C:\xampp\htdocs\project\system\Database\MySQLi\Connection.php(306): mysqli->query('SELECT COUNT(*)...', 0)
#1 C:\xampp\htdocs\project\system\Database\BaseConnection.php(693): CodeIgniter\Database\MySQLi\Connection->execute('SELECT COUNT(*)...')
#2 C:\xampp\htdocs\project\system\Database\BaseConnection.php(607): CodeIgniter\Database\BaseConnection->simpleQuery('SELECT COUNT(*)...')
#3 C:\xampp\htdocs\project\system\Database\BaseBuilder.php(1700): CodeIgniter\Database\BaseConnection->query('SELECT COUNT(*)...', Array, false)
#4 C:\xampp\htdocs\project\system\Model.php(624): CodeIgniter\Database\BaseBuilder->countAllResults(false)
#5 C:\xampp\htdocs\project\system\BaseModel.php(1239): CodeIgniter\Model->countAllResults(false)
#6 C:\xampp\htdocs\project\app\Controllers\Dosen.php(26): CodeIgniter\BaseModel->paginate(2, 'dosen')
#7 C:\xampp\htdocs\project\system\CodeIgniter.php(941): App\Controllers\Dosen->index()
#8 C:\xampp\htdocs\project\system\CodeIgniter.php(502): CodeIgniter\CodeIgniter->runController(Object(App\Controllers\Dosen))
#9 C:\xampp\htdocs\project\system\CodeIgniter.php(361): CodeIgniter\CodeIgniter->handleRequest(NULL, Object(Config\Cache), false)
#10 C:\xampp\htdocs\project\public\index.php(79): CodeIgniter\CodeIgniter->run()
#11 C:\xampp\htdocs\project\system\Commands\Server\rewrite.php(47): require_once('C:\\xampp\\htdocs...')
#12 {main}
CRITICAL - 2024-05-11 03:17:54 --> CodeIgniter\Database\Exceptions\DatabaseException: Table 'db_transaksi.dosen' doesn't exist
in SYSTEMPATH\Database\BaseConnection.php on line 647.
 1 SYSTEMPATH\Database\BaseBuilder.php(1700): CodeIgniter\Database\BaseConnection->query('SELECT COUNT(*) AS `numrows`
FROM `dosen`', [], false)
 2 SYSTEMPATH\Model.php(624): CodeIgniter\Database\BaseBuilder->countAllResults(false)
 3 SYSTEMPATH\BaseModel.php(1239): CodeIgniter\Model->countAllResults(false)
 4 APPPATH\Controllers\Dosen.php(26): CodeIgniter\BaseModel->paginate(2, 'dosen')
 5 SYSTEMPATH\CodeIgniter.php(941): App\Controllers\Dosen->index()
 6 SYSTEMPATH\CodeIgniter.php(502): CodeIgniter\CodeIgniter->runController(Object(App\Controllers\Dosen))
 7 SYSTEMPATH\CodeIgniter.php(361): CodeIgniter\CodeIgniter->handleRequest(null, Object(Config\Cache), false)
 8 FCPATH\index.php(79): CodeIgniter\CodeIgniter->run()
 9 SYSTEMPATH\Commands\Server\rewrite.php(47): require_once('C:\\xampp\\htdocs\\project\\public\\index.php')
CRITICAL - 2024-05-11 03:17:54 --> [Caused by] CodeIgniter\Database\Exceptions\DatabaseException: Table 'db_transaksi.dosen' doesn't exist
in SYSTEMPATH\Database\MySQLi\Connection.php on line 311.
 1 SYSTEMPATH\Database\BaseConnection.php(693): CodeIgniter\Database\MySQLi\Connection->execute('SELECT COUNT(*) AS `numrows`
FROM `dosen`')
 2 SYSTEMPATH\Database\BaseConnection.php(607): CodeIgniter\Database\BaseConnection->simpleQuery('SELECT COUNT(*) AS `numrows`
FROM `dosen`')
 3 SYSTEMPATH\Database\BaseBuilder.php(1700): CodeIgniter\Database\BaseConnection->query('SELECT COUNT(*) AS `numrows`
FROM `dosen`', [], false)
 4 SYSTEMPATH\Model.php(624): CodeIgniter\Database\BaseBuilder->countAllResults(false)
 5 SYSTEMPATH\BaseModel.php(1239): CodeIgniter\Model->countAllResults(false)
 6 APPPATH\Controllers\Dosen.php(26): CodeIgniter\BaseModel->paginate(2, 'dosen')
 7 SYSTEMPATH\CodeIgniter.php(941): App\Controllers\Dosen->index()
 8 SYSTEMPATH\CodeIgniter.php(502): CodeIgniter\CodeIgniter->runController(Object(App\Controllers\Dosen))
 9 SYSTEMPATH\CodeIgniter.php(361): CodeIgniter\CodeIgniter->handleRequest(null, Object(Config\Cache), false)
10 FCPATH\index.php(79): CodeIgniter\CodeIgniter->run()
11 SYSTEMPATH\Commands\Server\rewrite.php(47): require_once('C:\\xampp\\htdocs\\project\\public\\index.php')
CRITICAL - 2024-05-11 03:17:54 --> [Caused by] mysqli_sql_exception: Table 'db_transaksi.dosen' doesn't exist
in SYSTEMPATH\Database\MySQLi\Connection.php on line 306.
 1 SYSTEMPATH\Database\MySQLi\Connection.php(306): mysqli->query('SELECT COUNT(*) AS `numrows`
FROM `dosen`', 0)
 2 SYSTEMPATH\Database\BaseConnection.php(693): CodeIgniter\Database\MySQLi\Connection->execute('SELECT COUNT(*) AS `numrows`
FROM `dosen`')
 3 SYSTEMPATH\Database\BaseConnection.php(607): CodeIgniter\Database\BaseConnection->simpleQuery('SELECT COUNT(*) AS `numrows`
FROM `dosen`')
 4 SYSTEMPATH\Database\BaseBuilder.php(1700): CodeIgniter\Database\BaseConnection->query('SELECT COUNT(*) AS `numrows`
FROM `dosen`', [], false)
 5 SYSTEMPATH\Model.php(624): CodeIgniter\Database\BaseBuilder->countAllResults(false)
 6 SYSTEMPATH\BaseModel.php(1239): CodeIgniter\Model->countAllResults(false)
 7 APPPATH\Controllers\Dosen.php(26): CodeIgniter\BaseModel->paginate(2, 'dosen')
 8 SYSTEMPATH\CodeIgniter.php(941): App\Controllers\Dosen->index()
 9 SYSTEMPATH\CodeIgniter.php(502): CodeIgniter\CodeIgniter->runController(Object(App\Controllers\Dosen))
10 SYSTEMPATH\CodeIgniter.php(361): CodeIgniter\CodeIgniter->handleRequest(null, Object(Config\Cache), false)
11 FCPATH\index.php(79): CodeIgniter\CodeIgniter->run()
12 SYSTEMPATH\Commands\Server\rewrite.php(47): require_once('C:\\xampp\\htdocs\\project\\public\\index.php')
ERROR - 2024-05-11 03:18:09 --> mysqli_sql_exception: Table 'db_transaksi.dosen' doesn't exist in C:\xampp\htdocs\project\system\Database\MySQLi\Connection.php:306
Stack trace:
#0 C:\xampp\htdocs\project\system\Database\MySQLi\Connection.php(306): mysqli->query('SELECT COUNT(*)...', 0)
#1 C:\xampp\htdocs\project\system\Database\BaseConnection.php(693): CodeIgniter\Database\MySQLi\Connection->execute('SELECT COUNT(*)...')
#2 C:\xampp\htdocs\project\system\Database\BaseConnection.php(607): CodeIgniter\Database\BaseConnection->simpleQuery('SELECT COUNT(*)...')
#3 C:\xampp\htdocs\project\system\Database\BaseBuilder.php(1700): CodeIgniter\Database\BaseConnection->query('SELECT COUNT(*)...', Array, false)
#4 C:\xampp\htdocs\project\system\Model.php(624): CodeIgniter\Database\BaseBuilder->countAllResults(false)
#5 C:\xampp\htdocs\project\system\BaseModel.php(1239): CodeIgniter\Model->countAllResults(false)
#6 C:\xampp\htdocs\project\app\Controllers\Dosen.php(26): CodeIgniter\BaseModel->paginate(2, 'dosen')
#7 C:\xampp\htdocs\project\system\CodeIgniter.php(941): App\Controllers\Dosen->index()
#8 C:\xampp\htdocs\project\system\CodeIgniter.php(502): CodeIgniter\CodeIgniter->runController(Object(App\Controllers\Dosen))
#9 C:\xampp\htdocs\project\system\CodeIgniter.php(361): CodeIgniter\CodeIgniter->handleRequest(NULL, Object(Config\Cache), false)
#10 C:\xampp\htdocs\project\public\index.php(79): CodeIgniter\CodeIgniter->run()
#11 C:\xampp\htdocs\project\system\Commands\Server\rewrite.php(47): require_once('C:\\xampp\\htdocs...')
#12 {main}
CRITICAL - 2024-05-11 03:18:09 --> CodeIgniter\Database\Exceptions\DatabaseException: Table 'db_transaksi.dosen' doesn't exist
in SYSTEMPATH\Database\BaseConnection.php on line 647.
 1 SYSTEMPATH\Database\BaseBuilder.php(1700): CodeIgniter\Database\BaseConnection->query('SELECT COUNT(*) AS `numrows`
FROM `dosen`', [], false)
 2 SYSTEMPATH\Model.php(624): CodeIgniter\Database\BaseBuilder->countAllResults(false)
 3 SYSTEMPATH\BaseModel.php(1239): CodeIgniter\Model->countAllResults(false)
 4 APPPATH\Controllers\Dosen.php(26): CodeIgniter\BaseModel->paginate(2, 'dosen')
 5 SYSTEMPATH\CodeIgniter.php(941): App\Controllers\Dosen->index()
 6 SYSTEMPATH\CodeIgniter.php(502): CodeIgniter\CodeIgniter->runController(Object(App\Controllers\Dosen))
 7 SYSTEMPATH\CodeIgniter.php(361): CodeIgniter\CodeIgniter->handleRequest(null, Object(Config\Cache), false)
 8 FCPATH\index.php(79): CodeIgniter\CodeIgniter->run()
 9 SYSTEMPATH\Commands\Server\rewrite.php(47): require_once('C:\\xampp\\htdocs\\project\\public\\index.php')
CRITICAL - 2024-05-11 03:18:09 --> [Caused by] CodeIgniter\Database\Exceptions\DatabaseException: Table 'db_transaksi.dosen' doesn't exist
in SYSTEMPATH\Database\MySQLi\Connection.php on line 311.
 1 SYSTEMPATH\Database\BaseConnection.php(693): CodeIgniter\Database\MySQLi\Connection->execute('SELECT COUNT(*) AS `numrows`
FROM `dosen`')
 2 SYSTEMPATH\Database\BaseConnection.php(607): CodeIgniter\Database\BaseConnection->simpleQuery('SELECT COUNT(*) AS `numrows`
FROM `dosen`')
 3 SYSTEMPATH\Database\BaseBuilder.php(1700): CodeIgniter\Database\BaseConnection->query('SELECT COUNT(*) AS `numrows`
FROM `dosen`', [], false)
 4 SYSTEMPATH\Model.php(624): CodeIgniter\Database\BaseBuilder->countAllResults(false)
 5 SYSTEMPATH\BaseModel.php(1239): CodeIgniter\Model->countAllResults(false)
 6 APPPATH\Controllers\Dosen.php(26): CodeIgniter\BaseModel->paginate(2, 'dosen')
 7 SYSTEMPATH\CodeIgniter.php(941): App\Controllers\Dosen->index()
 8 SYSTEMPATH\CodeIgniter.php(502): CodeIgniter\CodeIgniter->runController(Object(App\Controllers\Dosen))
 9 SYSTEMPATH\CodeIgniter.php(361): CodeIgniter\CodeIgniter->handleRequest(null, Object(Config\Cache), false)
10 FCPATH\index.php(79): CodeIgniter\CodeIgniter->run()
11 SYSTEMPATH\Commands\Server\rewrite.php(47): require_once('C:\\xampp\\htdocs\\project\\public\\index.php')
CRITICAL - 2024-05-11 03:18:09 --> [Caused by] mysqli_sql_exception: Table 'db_transaksi.dosen' doesn't exist
in SYSTEMPATH\Database\MySQLi\Connection.php on line 306.
 1 SYSTEMPATH\Database\MySQLi\Connection.php(306): mysqli->query('SELECT COUNT(*) AS `numrows`
FROM `dosen`', 0)
 2 SYSTEMPATH\Database\BaseConnection.php(693): CodeIgniter\Database\MySQLi\Connection->execute('SELECT COUNT(*) AS `numrows`
FROM `dosen`')
 3 SYSTEMPATH\Database\BaseConnection.php(607): CodeIgniter\Database\BaseConnection->simpleQuery('SELECT COUNT(*) AS `numrows`
FROM `dosen`')
 4 SYSTEMPATH\Database\BaseBuilder.php(1700): CodeIgniter\Database\BaseConnection->query('SELECT COUNT(*) AS `numrows`
FROM `dosen`', [], false)
 5 SYSTEMPATH\Model.php(624): CodeIgniter\Database\BaseBuilder->countAllResults(false)
 6 SYSTEMPATH\BaseModel.php(1239): CodeIgniter\Model->countAllResults(false)
 7 APPPATH\Controllers\Dosen.php(26): CodeIgniter\BaseModel->paginate(2, 'dosen')
 8 SYSTEMPATH\CodeIgniter.php(941): App\Controllers\Dosen->index()
 9 SYSTEMPATH\CodeIgniter.php(502): CodeIgniter\CodeIgniter->runController(Object(App\Controllers\Dosen))
10 SYSTEMPATH\CodeIgniter.php(361): CodeIgniter\CodeIgniter->handleRequest(null, Object(Config\Cache), false)
11 FCPATH\index.php(79): CodeIgniter\CodeIgniter->run()
12 SYSTEMPATH\Commands\Server\rewrite.php(47): require_once('C:\\xampp\\htdocs\\project\\public\\index.php')
ERROR - 2024-05-11 03:19:19 --> mysqli_sql_exception: Table 'db_transaksi.dosen' doesn't exist in C:\xampp\htdocs\project\system\Database\MySQLi\Connection.php:306
Stack trace:
#0 C:\xampp\htdocs\project\system\Database\MySQLi\Connection.php(306): mysqli->query('SELECT COUNT(*)...', 0)
#1 C:\xampp\htdocs\project\system\Database\BaseConnection.php(693): CodeIgniter\Database\MySQLi\Connection->execute('SELECT COUNT(*)...')
#2 C:\xampp\htdocs\project\system\Database\BaseConnection.php(607): CodeIgniter\Database\BaseConnection->simpleQuery('SELECT COUNT(*)...')
#3 C:\xampp\htdocs\project\system\Database\BaseBuilder.php(1700): CodeIgniter\Database\BaseConnection->query('SELECT COUNT(*)...', Array, false)
#4 C:\xampp\htdocs\project\system\Model.php(624): CodeIgniter\Database\BaseBuilder->countAllResults(false)
#5 C:\xampp\htdocs\project\system\BaseModel.php(1239): CodeIgniter\Model->countAllResults(false)
#6 C:\xampp\htdocs\project\app\Controllers\Dosen.php(26): CodeIgniter\BaseModel->paginate(2, 'dosen')
#7 C:\xampp\htdocs\project\system\CodeIgniter.php(941): App\Controllers\Dosen->index()
#8 C:\xampp\htdocs\project\system\CodeIgniter.php(502): CodeIgniter\CodeIgniter->runController(Object(App\Controllers\Dosen))
#9 C:\xampp\htdocs\project\system\CodeIgniter.php(361): CodeIgniter\CodeIgniter->handleRequest(NULL, Object(Config\Cache), false)
#10 C:\xampp\htdocs\project\public\index.php(79): CodeIgniter\CodeIgniter->run()
#11 C:\xampp\htdocs\project\system\Commands\Server\rewrite.php(47): require_once('C:\\xampp\\htdocs...')
#12 {main}
CRITICAL - 2024-05-11 03:19:19 --> CodeIgniter\Database\Exceptions\DatabaseException: Table 'db_transaksi.dosen' doesn't exist
in SYSTEMPATH\Database\BaseConnection.php on line 647.
 1 SYSTEMPATH\Database\BaseBuilder.php(1700): CodeIgniter\Database\BaseConnection->query('SELECT COUNT(*) AS `numrows`
FROM `dosen`', [], false)
 2 SYSTEMPATH\Model.php(624): CodeIgniter\Database\BaseBuilder->countAllResults(false)
 3 SYSTEMPATH\BaseModel.php(1239): CodeIgniter\Model->countAllResults(false)
 4 APPPATH\Controllers\Dosen.php(26): CodeIgniter\BaseModel->paginate(2, 'dosen')
 5 SYSTEMPATH\CodeIgniter.php(941): App\Controllers\Dosen->index()
 6 SYSTEMPATH\CodeIgniter.php(502): CodeIgniter\CodeIgniter->runController(Object(App\Controllers\Dosen))
 7 SYSTEMPATH\CodeIgniter.php(361): CodeIgniter\CodeIgniter->handleRequest(null, Object(Config\Cache), false)
 8 FCPATH\index.php(79): CodeIgniter\CodeIgniter->run()
 9 SYSTEMPATH\Commands\Server\rewrite.php(47): require_once('C:\\xampp\\htdocs\\project\\public\\index.php')
CRITICAL - 2024-05-11 03:19:19 --> [Caused by] CodeIgniter\Database\Exceptions\DatabaseException: Table 'db_transaksi.dosen' doesn't exist
in SYSTEMPATH\Database\MySQLi\Connection.php on line 311.
 1 SYSTEMPATH\Database\BaseConnection.php(693): CodeIgniter\Database\MySQLi\Connection->execute('SELECT COUNT(*) AS `numrows`
FROM `dosen`')
 2 SYSTEMPATH\Database\BaseConnection.php(607): CodeIgniter\Database\BaseConnection->simpleQuery('SELECT COUNT(*) AS `numrows`
FROM `dosen`')
 3 SYSTEMPATH\Database\BaseBuilder.php(1700): CodeIgniter\Database\BaseConnection->query('SELECT COUNT(*) AS `numrows`
FROM `dosen`', [], false)
 4 SYSTEMPATH\Model.php(624): CodeIgniter\Database\BaseBuilder->countAllResults(false)
 5 SYSTEMPATH\BaseModel.php(1239): CodeIgniter\Model->countAllResults(false)
 6 APPPATH\Controllers\Dosen.php(26): CodeIgniter\BaseModel->paginate(2, 'dosen')
 7 SYSTEMPATH\CodeIgniter.php(941): App\Controllers\Dosen->index()
 8 SYSTEMPATH\CodeIgniter.php(502): CodeIgniter\CodeIgniter->runController(Object(App\Controllers\Dosen))
 9 SYSTEMPATH\CodeIgniter.php(361): CodeIgniter\CodeIgniter->handleRequest(null, Object(Config\Cache), false)
10 FCPATH\index.php(79): CodeIgniter\CodeIgniter->run()
11 SYSTEMPATH\Commands\Server\rewrite.php(47): require_once('C:\\xampp\\htdocs\\project\\public\\index.php')
CRITICAL - 2024-05-11 03:19:19 --> [Caused by] mysqli_sql_exception: Table 'db_transaksi.dosen' doesn't exist
in SYSTEMPATH\Database\MySQLi\Connection.php on line 306.
 1 SYSTEMPATH\Database\MySQLi\Connection.php(306): mysqli->query('SELECT COUNT(*) AS `numrows`
FROM `dosen`', 0)
 2 SYSTEMPATH\Database\BaseConnection.php(693): CodeIgniter\Database\MySQLi\Connection->execute('SELECT COUNT(*) AS `numrows`
FROM `dosen`')
 3 SYSTEMPATH\Database\BaseConnection.php(607): CodeIgniter\Database\BaseConnection->simpleQuery('SELECT COUNT(*) AS `numrows`
FROM `dosen`')
 4 SYSTEMPATH\Database\BaseBuilder.php(1700): CodeIgniter\Database\BaseConnection->query('SELECT COUNT(*) AS `numrows`
FROM `dosen`', [], false)
 5 SYSTEMPATH\Model.php(624): CodeIgniter\Database\BaseBuilder->countAllResults(false)
 6 SYSTEMPATH\BaseModel.php(1239): CodeIgniter\Model->countAllResults(false)
 7 APPPATH\Controllers\Dosen.php(26): CodeIgniter\BaseModel->paginate(2, 'dosen')
 8 SYSTEMPATH\CodeIgniter.php(941): App\Controllers\Dosen->index()
 9 SYSTEMPATH\CodeIgniter.php(502): CodeIgniter\CodeIgniter->runController(Object(App\Controllers\Dosen))
10 SYSTEMPATH\CodeIgniter.php(361): CodeIgniter\CodeIgniter->handleRequest(null, Object(Config\Cache), false)
11 FCPATH\index.php(79): CodeIgniter\CodeIgniter->run()
12 SYSTEMPATH\Commands\Server\rewrite.php(47): require_once('C:\\xampp\\htdocs\\project\\public\\index.php')
ERROR - 2024-05-11 03:19:21 --> mysqli_sql_exception: Table 'db_transaksi.dosen' doesn't exist in C:\xampp\htdocs\project\system\Database\MySQLi\Connection.php:306
Stack trace:
#0 C:\xampp\htdocs\project\system\Database\MySQLi\Connection.php(306): mysqli->query('SELECT COUNT(*)...', 0)
#1 C:\xampp\htdocs\project\system\Database\BaseConnection.php(693): CodeIgniter\Database\MySQLi\Connection->execute('SELECT COUNT(*)...')
#2 C:\xampp\htdocs\project\system\Database\BaseConnection.php(607): CodeIgniter\Database\BaseConnection->simpleQuery('SELECT COUNT(*)...')
#3 C:\xampp\htdocs\project\system\Database\BaseBuilder.php(1700): CodeIgniter\Database\BaseConnection->query('SELECT COUNT(*)...', Array, false)
#4 C:\xampp\htdocs\project\system\Model.php(624): CodeIgniter\Database\BaseBuilder->countAllResults(false)
#5 C:\xampp\htdocs\project\system\BaseModel.php(1239): CodeIgniter\Model->countAllResults(false)
#6 C:\xampp\htdocs\project\app\Controllers\Dosen.php(26): CodeIgniter\BaseModel->paginate(2, 'dosen')
#7 C:\xampp\htdocs\project\system\CodeIgniter.php(941): App\Controllers\Dosen->index()
#8 C:\xampp\htdocs\project\system\CodeIgniter.php(502): CodeIgniter\CodeIgniter->runController(Object(App\Controllers\Dosen))
#9 C:\xampp\htdocs\project\system\CodeIgniter.php(361): CodeIgniter\CodeIgniter->handleRequest(NULL, Object(Config\Cache), false)
#10 C:\xampp\htdocs\project\public\index.php(79): CodeIgniter\CodeIgniter->run()
#11 C:\xampp\htdocs\project\system\Commands\Server\rewrite.php(47): require_once('C:\\xampp\\htdocs...')
#12 {main}
CRITICAL - 2024-05-11 03:19:21 --> CodeIgniter\Database\Exceptions\DatabaseException: Table 'db_transaksi.dosen' doesn't exist
in SYSTEMPATH\Database\BaseConnection.php on line 647.
 1 SYSTEMPATH\Database\BaseBuilder.php(1700): CodeIgniter\Database\BaseConnection->query('SELECT COUNT(*) AS `numrows`
FROM `dosen`', [], false)
 2 SYSTEMPATH\Model.php(624): CodeIgniter\Database\BaseBuilder->countAllResults(false)
 3 SYSTEMPATH\BaseModel.php(1239): CodeIgniter\Model->countAllResults(false)
 4 APPPATH\Controllers\Dosen.php(26): CodeIgniter\BaseModel->paginate(2, 'dosen')
 5 SYSTEMPATH\CodeIgniter.php(941): App\Controllers\Dosen->index()
 6 SYSTEMPATH\CodeIgniter.php(502): CodeIgniter\CodeIgniter->runController(Object(App\Controllers\Dosen))
 7 SYSTEMPATH\CodeIgniter.php(361): CodeIgniter\CodeIgniter->handleRequest(null, Object(Config\Cache), false)
 8 FCPATH\index.php(79): CodeIgniter\CodeIgniter->run()
 9 SYSTEMPATH\Commands\Server\rewrite.php(47): require_once('C:\\xampp\\htdocs\\project\\public\\index.php')
CRITICAL - 2024-05-11 03:19:21 --> [Caused by] CodeIgniter\Database\Exceptions\DatabaseException: Table 'db_transaksi.dosen' doesn't exist
in SYSTEMPATH\Database\MySQLi\Connection.php on line 311.
 1 SYSTEMPATH\Database\BaseConnection.php(693): CodeIgniter\Database\MySQLi\Connection->execute('SELECT COUNT(*) AS `numrows`
FROM `dosen`')
 2 SYSTEMPATH\Database\BaseConnection.php(607): CodeIgniter\Database\BaseConnection->simpleQuery('SELECT COUNT(*) AS `numrows`
FROM `dosen`')
 3 SYSTEMPATH\Database\BaseBuilder.php(1700): CodeIgniter\Database\BaseConnection->query('SELECT COUNT(*) AS `numrows`
FROM `dosen`', [], false)
 4 SYSTEMPATH\Model.php(624): CodeIgniter\Database\BaseBuilder->countAllResults(false)
 5 SYSTEMPATH\BaseModel.php(1239): CodeIgniter\Model->countAllResults(false)
 6 APPPATH\Controllers\Dosen.php(26): CodeIgniter\BaseModel->paginate(2, 'dosen')
 7 SYSTEMPATH\CodeIgniter.php(941): App\Controllers\Dosen->index()
 8 SYSTEMPATH\CodeIgniter.php(502): CodeIgniter\CodeIgniter->runController(Object(App\Controllers\Dosen))
 9 SYSTEMPATH\CodeIgniter.php(361): CodeIgniter\CodeIgniter->handleRequest(null, Object(Config\Cache), false)
10 FCPATH\index.php(79): CodeIgniter\CodeIgniter->run()
11 SYSTEMPATH\Commands\Server\rewrite.php(47): require_once('C:\\xampp\\htdocs\\project\\public\\index.php')
CRITICAL - 2024-05-11 03:19:21 --> [Caused by] mysqli_sql_exception: Table 'db_transaksi.dosen' doesn't exist
in SYSTEMPATH\Database\MySQLi\Connection.php on line 306.
 1 SYSTEMPATH\Database\MySQLi\Connection.php(306): mysqli->query('SELECT COUNT(*) AS `numrows`
FROM `dosen`', 0)
 2 SYSTEMPATH\Database\BaseConnection.php(693): CodeIgniter\Database\MySQLi\Connection->execute('SELECT COUNT(*) AS `numrows`
FROM `dosen`')
 3 SYSTEMPATH\Database\BaseConnection.php(607): CodeIgniter\Database\BaseConnection->simpleQuery('SELECT COUNT(*) AS `numrows`
FROM `dosen`')
 4 SYSTEMPATH\Database\BaseBuilder.php(1700): CodeIgniter\Database\BaseConnection->query('SELECT COUNT(*) AS `numrows`
FROM `dosen`', [], false)
 5 SYSTEMPATH\Model.php(624): CodeIgniter\Database\BaseBuilder->countAllResults(false)
 6 SYSTEMPATH\BaseModel.php(1239): CodeIgniter\Model->countAllResults(false)
 7 APPPATH\Controllers\Dosen.php(26): CodeIgniter\BaseModel->paginate(2, 'dosen')
 8 SYSTEMPATH\CodeIgniter.php(941): App\Controllers\Dosen->index()
 9 SYSTEMPATH\CodeIgniter.php(502): CodeIgniter\CodeIgniter->runController(Object(App\Controllers\Dosen))
10 SYSTEMPATH\CodeIgniter.php(361): CodeIgniter\CodeIgniter->handleRequest(null, Object(Config\Cache), false)
11 FCPATH\index.php(79): CodeIgniter\CodeIgniter->run()
12 SYSTEMPATH\Commands\Server\rewrite.php(47): require_once('C:\\xampp\\htdocs\\project\\public\\index.php')
ERROR - 2024-05-11 03:19:21 --> mysqli_sql_exception: Table 'db_transaksi.dosen' doesn't exist in C:\xampp\htdocs\project\system\Database\MySQLi\Connection.php:306
Stack trace:
#0 C:\xampp\htdocs\project\system\Database\MySQLi\Connection.php(306): mysqli->query('SELECT COUNT(*)...', 0)
#1 C:\xampp\htdocs\project\system\Database\BaseConnection.php(693): CodeIgniter\Database\MySQLi\Connection->execute('SELECT COUNT(*)...')
#2 C:\xampp\htdocs\project\system\Database\BaseConnection.php(607): CodeIgniter\Database\BaseConnection->simpleQuery('SELECT COUNT(*)...')
#3 C:\xampp\htdocs\project\system\Database\BaseBuilder.php(1700): CodeIgniter\Database\BaseConnection->query('SELECT COUNT(*)...', Array, false)
#4 C:\xampp\htdocs\project\system\Model.php(624): CodeIgniter\Database\BaseBuilder->countAllResults(false)
#5 C:\xampp\htdocs\project\system\BaseModel.php(1239): CodeIgniter\Model->countAllResults(false)
#6 C:\xampp\htdocs\project\app\Controllers\Dosen.php(26): CodeIgniter\BaseModel->paginate(2, 'dosen')
#7 C:\xampp\htdocs\project\system\CodeIgniter.php(941): App\Controllers\Dosen->index()
#8 C:\xampp\htdocs\project\system\CodeIgniter.php(502): CodeIgniter\CodeIgniter->runController(Object(App\Controllers\Dosen))
#9 C:\xampp\htdocs\project\system\CodeIgniter.php(361): CodeIgniter\CodeIgniter->handleRequest(NULL, Object(Config\Cache), false)
#10 C:\xampp\htdocs\project\public\index.php(79): CodeIgniter\CodeIgniter->run()
#11 C:\xampp\htdocs\project\system\Commands\Server\rewrite.php(47): require_once('C:\\xampp\\htdocs...')
#12 {main}
CRITICAL - 2024-05-11 03:19:21 --> CodeIgniter\Database\Exceptions\DatabaseException: Table 'db_transaksi.dosen' doesn't exist
in SYSTEMPATH\Database\BaseConnection.php on line 647.
 1 SYSTEMPATH\Database\BaseBuilder.php(1700): CodeIgniter\Database\BaseConnection->query('SELECT COUNT(*) AS `numrows`
FROM `dosen`', [], false)
 2 SYSTEMPATH\Model.php(624): CodeIgniter\Database\BaseBuilder->countAllResults(false)
 3 SYSTEMPATH\BaseModel.php(1239): CodeIgniter\Model->countAllResults(false)
 4 APPPATH\Controllers\Dosen.php(26): CodeIgniter\BaseModel->paginate(2, 'dosen')
 5 SYSTEMPATH\CodeIgniter.php(941): App\Controllers\Dosen->index()
 6 SYSTEMPATH\CodeIgniter.php(502): CodeIgniter\CodeIgniter->runController(Object(App\Controllers\Dosen))
 7 SYSTEMPATH\CodeIgniter.php(361): CodeIgniter\CodeIgniter->handleRequest(null, Object(Config\Cache), false)
 8 FCPATH\index.php(79): CodeIgniter\CodeIgniter->run()
 9 SYSTEMPATH\Commands\Server\rewrite.php(47): require_once('C:\\xampp\\htdocs\\project\\public\\index.php')
CRITICAL - 2024-05-11 03:19:21 --> [Caused by] CodeIgniter\Database\Exceptions\DatabaseException: Table 'db_transaksi.dosen' doesn't exist
in SYSTEMPATH\Database\MySQLi\Connection.php on line 311.
 1 SYSTEMPATH\Database\BaseConnection.php(693): CodeIgniter\Database\MySQLi\Connection->execute('SELECT COUNT(*) AS `numrows`
FROM `dosen`')
 2 SYSTEMPATH\Database\BaseConnection.php(607): CodeIgniter\Database\BaseConnection->simpleQuery('SELECT COUNT(*) AS `numrows`
FROM `dosen`')
 3 SYSTEMPATH\Database\BaseBuilder.php(1700): CodeIgniter\Database\BaseConnection->query('SELECT COUNT(*) AS `numrows`
FROM `dosen`', [], false)
 4 SYSTEMPATH\Model.php(624): CodeIgniter\Database\BaseBuilder->countAllResults(false)
 5 SYSTEMPATH\BaseModel.php(1239): CodeIgniter\Model->countAllResults(false)
 6 APPPATH\Controllers\Dosen.php(26): CodeIgniter\BaseModel->paginate(2, 'dosen')
 7 SYSTEMPATH\CodeIgniter.php(941): App\Controllers\Dosen->index()
 8 SYSTEMPATH\CodeIgniter.php(502): CodeIgniter\CodeIgniter->runController(Object(App\Controllers\Dosen))
 9 SYSTEMPATH\CodeIgniter.php(361): CodeIgniter\CodeIgniter->handleRequest(null, Object(Config\Cache), false)
10 FCPATH\index.php(79): CodeIgniter\CodeIgniter->run()
11 SYSTEMPATH\Commands\Server\rewrite.php(47): require_once('C:\\xampp\\htdocs\\project\\public\\index.php')
CRITICAL - 2024-05-11 03:19:21 --> [Caused by] mysqli_sql_exception: Table 'db_transaksi.dosen' doesn't exist
in SYSTEMPATH\Database\MySQLi\Connection.php on line 306.
 1 SYSTEMPATH\Database\MySQLi\Connection.php(306): mysqli->query('SELECT COUNT(*) AS `numrows`
FROM `dosen`', 0)
 2 SYSTEMPATH\Database\BaseConnection.php(693): CodeIgniter\Database\MySQLi\Connection->execute('SELECT COUNT(*) AS `numrows`
FROM `dosen`')
 3 SYSTEMPATH\Database\BaseConnection.php(607): CodeIgniter\Database\BaseConnection->simpleQuery('SELECT COUNT(*) AS `numrows`
FROM `dosen`')
 4 SYSTEMPATH\Database\BaseBuilder.php(1700): CodeIgniter\Database\BaseConnection->query('SELECT COUNT(*) AS `numrows`
FROM `dosen`', [], false)
 5 SYSTEMPATH\Model.php(624): CodeIgniter\Database\BaseBuilder->countAllResults(false)
 6 SYSTEMPATH\BaseModel.php(1239): CodeIgniter\Model->countAllResults(false)
 7 APPPATH\Controllers\Dosen.php(26): CodeIgniter\BaseModel->paginate(2, 'dosen')
 8 SYSTEMPATH\CodeIgniter.php(941): App\Controllers\Dosen->index()
 9 SYSTEMPATH\CodeIgniter.php(502): CodeIgniter\CodeIgniter->runController(Object(App\Controllers\Dosen))
10 SYSTEMPATH\CodeIgniter.php(361): CodeIgniter\CodeIgniter->handleRequest(null, Object(Config\Cache), false)
11 FCPATH\index.php(79): CodeIgniter\CodeIgniter->run()
12 SYSTEMPATH\Commands\Server\rewrite.php(47): require_once('C:\\xampp\\htdocs\\project\\public\\index.php')
ERROR - 2024-05-11 03:19:22 --> mysqli_sql_exception: Table 'db_transaksi.dosen' doesn't exist in C:\xampp\htdocs\project\system\Database\MySQLi\Connection.php:306
Stack trace:
#0 C:\xampp\htdocs\project\system\Database\MySQLi\Connection.php(306): mysqli->query('SELECT COUNT(*)...', 0)
#1 C:\xampp\htdocs\project\system\Database\BaseConnection.php(693): CodeIgniter\Database\MySQLi\Connection->execute('SELECT COUNT(*)...')
#2 C:\xampp\htdocs\project\system\Database\BaseConnection.php(607): CodeIgniter\Database\BaseConnection->simpleQuery('SELECT COUNT(*)...')
#3 C:\xampp\htdocs\project\system\Database\BaseBuilder.php(1700): CodeIgniter\Database\BaseConnection->query('SELECT COUNT(*)...', Array, false)
#4 C:\xampp\htdocs\project\system\Model.php(624): CodeIgniter\Database\BaseBuilder->countAllResults(false)
#5 C:\xampp\htdocs\project\system\BaseModel.php(1239): CodeIgniter\Model->countAllResults(false)
#6 C:\xampp\htdocs\project\app\Controllers\Dosen.php(26): CodeIgniter\BaseModel->paginate(2, 'dosen')
#7 C:\xampp\htdocs\project\system\CodeIgniter.php(941): App\Controllers\Dosen->index()
#8 C:\xampp\htdocs\project\system\CodeIgniter.php(502): CodeIgniter\CodeIgniter->runController(Object(App\Controllers\Dosen))
#9 C:\xampp\htdocs\project\system\CodeIgniter.php(361): CodeIgniter\CodeIgniter->handleRequest(NULL, Object(Config\Cache), false)
#10 C:\xampp\htdocs\project\public\index.php(79): CodeIgniter\CodeIgniter->run()
#11 C:\xampp\htdocs\project\system\Commands\Server\rewrite.php(47): require_once('C:\\xampp\\htdocs...')
#12 {main}
CRITICAL - 2024-05-11 03:19:22 --> CodeIgniter\Database\Exceptions\DatabaseException: Table 'db_transaksi.dosen' doesn't exist
in SYSTEMPATH\Database\BaseConnection.php on line 647.
 1 SYSTEMPATH\Database\BaseBuilder.php(1700): CodeIgniter\Database\BaseConnection->query('SELECT COUNT(*) AS `numrows`
FROM `dosen`', [], false)
 2 SYSTEMPATH\Model.php(624): CodeIgniter\Database\BaseBuilder->countAllResults(false)
 3 SYSTEMPATH\BaseModel.php(1239): CodeIgniter\Model->countAllResults(false)
 4 APPPATH\Controllers\Dosen.php(26): CodeIgniter\BaseModel->paginate(2, 'dosen')
 5 SYSTEMPATH\CodeIgniter.php(941): App\Controllers\Dosen->index()
 6 SYSTEMPATH\CodeIgniter.php(502): CodeIgniter\CodeIgniter->runController(Object(App\Controllers\Dosen))
 7 SYSTEMPATH\CodeIgniter.php(361): CodeIgniter\CodeIgniter->handleRequest(null, Object(Config\Cache), false)
 8 FCPATH\index.php(79): CodeIgniter\CodeIgniter->run()
 9 SYSTEMPATH\Commands\Server\rewrite.php(47): require_once('C:\\xampp\\htdocs\\project\\public\\index.php')
CRITICAL - 2024-05-11 03:19:22 --> [Caused by] CodeIgniter\Database\Exceptions\DatabaseException: Table 'db_transaksi.dosen' doesn't exist
in SYSTEMPATH\Database\MySQLi\Connection.php on line 311.
 1 SYSTEMPATH\Database\BaseConnection.php(693): CodeIgniter\Database\MySQLi\Connection->execute('SELECT COUNT(*) AS `numrows`
FROM `dosen`')
 2 SYSTEMPATH\Database\BaseConnection.php(607): CodeIgniter\Database\BaseConnection->simpleQuery('SELECT COUNT(*) AS `numrows`
FROM `dosen`')
 3 SYSTEMPATH\Database\BaseBuilder.php(1700): CodeIgniter\Database\BaseConnection->query('SELECT COUNT(*) AS `numrows`
FROM `dosen`', [], false)
 4 SYSTEMPATH\Model.php(624): CodeIgniter\Database\BaseBuilder->countAllResults(false)
 5 SYSTEMPATH\BaseModel.php(1239): CodeIgniter\Model->countAllResults(false)
 6 APPPATH\Controllers\Dosen.php(26): CodeIgniter\BaseModel->paginate(2, 'dosen')
 7 SYSTEMPATH\CodeIgniter.php(941): App\Controllers\Dosen->index()
 8 SYSTEMPATH\CodeIgniter.php(502): CodeIgniter\CodeIgniter->runController(Object(App\Controllers\Dosen))
 9 SYSTEMPATH\CodeIgniter.php(361): CodeIgniter\CodeIgniter->handleRequest(null, Object(Config\Cache), false)
10 FCPATH\index.php(79): CodeIgniter\CodeIgniter->run()
11 SYSTEMPATH\Commands\Server\rewrite.php(47): require_once('C:\\xampp\\htdocs\\project\\public\\index.php')
CRITICAL - 2024-05-11 03:19:22 --> [Caused by] mysqli_sql_exception: Table 'db_transaksi.dosen' doesn't exist
in SYSTEMPATH\Database\MySQLi\Connection.php on line 306.
 1 SYSTEMPATH\Database\MySQLi\Connection.php(306): mysqli->query('SELECT COUNT(*) AS `numrows`
FROM `dosen`', 0)
 2 SYSTEMPATH\Database\BaseConnection.php(693): CodeIgniter\Database\MySQLi\Connection->execute('SELECT COUNT(*) AS `numrows`
FROM `dosen`')
 3 SYSTEMPATH\Database\BaseConnection.php(607): CodeIgniter\Database\BaseConnection->simpleQuery('SELECT COUNT(*) AS `numrows`
FROM `dosen`')
 4 SYSTEMPATH\Database\BaseBuilder.php(1700): CodeIgniter\Database\BaseConnection->query('SELECT COUNT(*) AS `numrows`
FROM `dosen`', [], false)
 5 SYSTEMPATH\Model.php(624): CodeIgniter\Database\BaseBuilder->countAllResults(false)
 6 SYSTEMPATH\BaseModel.php(1239): CodeIgniter\Model->countAllResults(false)
 7 APPPATH\Controllers\Dosen.php(26): CodeIgniter\BaseModel->paginate(2, 'dosen')
 8 SYSTEMPATH\CodeIgniter.php(941): App\Controllers\Dosen->index()
 9 SYSTEMPATH\CodeIgniter.php(502): CodeIgniter\CodeIgniter->runController(Object(App\Controllers\Dosen))
10 SYSTEMPATH\CodeIgniter.php(361): CodeIgniter\CodeIgniter->handleRequest(null, Object(Config\Cache), false)
11 FCPATH\index.php(79): CodeIgniter\CodeIgniter->run()
12 SYSTEMPATH\Commands\Server\rewrite.php(47): require_once('C:\\xampp\\htdocs\\project\\public\\index.php')
ERROR - 2024-05-11 03:19:22 --> mysqli_sql_exception: Table 'db_transaksi.dosen' doesn't exist in C:\xampp\htdocs\project\system\Database\MySQLi\Connection.php:306
Stack trace:
#0 C:\xampp\htdocs\project\system\Database\MySQLi\Connection.php(306): mysqli->query('SELECT COUNT(*)...', 0)
#1 C:\xampp\htdocs\project\system\Database\BaseConnection.php(693): CodeIgniter\Database\MySQLi\Connection->execute('SELECT COUNT(*)...')
#2 C:\xampp\htdocs\project\system\Database\BaseConnection.php(607): CodeIgniter\Database\BaseConnection->simpleQuery('SELECT COUNT(*)...')
#3 C:\xampp\htdocs\project\system\Database\BaseBuilder.php(1700): CodeIgniter\Database\BaseConnection->query('SELECT COUNT(*)...', Array, false)
#4 C:\xampp\htdocs\project\system\Model.php(624): CodeIgniter\Database\BaseBuilder->countAllResults(false)
#5 C:\xampp\htdocs\project\system\BaseModel.php(1239): CodeIgniter\Model->countAllResults(false)
#6 C:\xampp\htdocs\project\app\Controllers\Dosen.php(26): CodeIgniter\BaseModel->paginate(2, 'dosen')
#7 C:\xampp\htdocs\project\system\CodeIgniter.php(941): App\Controllers\Dosen->index()
#8 C:\xampp\htdocs\project\system\CodeIgniter.php(502): CodeIgniter\CodeIgniter->runController(Object(App\Controllers\Dosen))
#9 C:\xampp\htdocs\project\system\CodeIgniter.php(361): CodeIgniter\CodeIgniter->handleRequest(NULL, Object(Config\Cache), false)
#10 C:\xampp\htdocs\project\public\index.php(79): CodeIgniter\CodeIgniter->run()
#11 C:\xampp\htdocs\project\system\Commands\Server\rewrite.php(47): require_once('C:\\xampp\\htdocs...')
#12 {main}
CRITICAL - 2024-05-11 03:19:22 --> CodeIgniter\Database\Exceptions\DatabaseException: Table 'db_transaksi.dosen' doesn't exist
in SYSTEMPATH\Database\BaseConnection.php on line 647.
 1 SYSTEMPATH\Database\BaseBuilder.php(1700): CodeIgniter\Database\BaseConnection->query('SELECT COUNT(*) AS `numrows`
FROM `dosen`', [], false)
 2 SYSTEMPATH\Model.php(624): CodeIgniter\Database\BaseBuilder->countAllResults(false)
 3 SYSTEMPATH\BaseModel.php(1239): CodeIgniter\Model->countAllResults(false)
 4 APPPATH\Controllers\Dosen.php(26): CodeIgniter\BaseModel->paginate(2, 'dosen')
 5 SYSTEMPATH\CodeIgniter.php(941): App\Controllers\Dosen->index()
 6 SYSTEMPATH\CodeIgniter.php(502): CodeIgniter\CodeIgniter->runController(Object(App\Controllers\Dosen))
 7 SYSTEMPATH\CodeIgniter.php(361): CodeIgniter\CodeIgniter->handleRequest(null, Object(Config\Cache), false)
 8 FCPATH\index.php(79): CodeIgniter\CodeIgniter->run()
 9 SYSTEMPATH\Commands\Server\rewrite.php(47): require_once('C:\\xampp\\htdocs\\project\\public\\index.php')
CRITICAL - 2024-05-11 03:19:22 --> [Caused by] CodeIgniter\Database\Exceptions\DatabaseException: Table 'db_transaksi.dosen' doesn't exist
in SYSTEMPATH\Database\MySQLi\Connection.php on line 311.
 1 SYSTEMPATH\Database\BaseConnection.php(693): CodeIgniter\Database\MySQLi\Connection->execute('SELECT COUNT(*) AS `numrows`
FROM `dosen`')
 2 SYSTEMPATH\Database\BaseConnection.php(607): CodeIgniter\Database\BaseConnection->simpleQuery('SELECT COUNT(*) AS `numrows`
FROM `dosen`')
 3 SYSTEMPATH\Database\BaseBuilder.php(1700): CodeIgniter\Database\BaseConnection->query('SELECT COUNT(*) AS `numrows`
FROM `dosen`', [], false)
 4 SYSTEMPATH\Model.php(624): CodeIgniter\Database\BaseBuilder->countAllResults(false)
 5 SYSTEMPATH\BaseModel.php(1239): CodeIgniter\Model->countAllResults(false)
 6 APPPATH\Controllers\Dosen.php(26): CodeIgniter\BaseModel->paginate(2, 'dosen')
 7 SYSTEMPATH\CodeIgniter.php(941): App\Controllers\Dosen->index()
 8 SYSTEMPATH\CodeIgniter.php(502): CodeIgniter\CodeIgniter->runController(Object(App\Controllers\Dosen))
 9 SYSTEMPATH\CodeIgniter.php(361): CodeIgniter\CodeIgniter->handleRequest(null, Object(Config\Cache), false)
10 FCPATH\index.php(79): CodeIgniter\CodeIgniter->run()
11 SYSTEMPATH\Commands\Server\rewrite.php(47): require_once('C:\\xampp\\htdocs\\project\\public\\index.php')
CRITICAL - 2024-05-11 03:19:22 --> [Caused by] mysqli_sql_exception: Table 'db_transaksi.dosen' doesn't exist
in SYSTEMPATH\Database\MySQLi\Connection.php on line 306.
 1 SYSTEMPATH\Database\MySQLi\Connection.php(306): mysqli->query('SELECT COUNT(*) AS `numrows`
FROM `dosen`', 0)
 2 SYSTEMPATH\Database\BaseConnection.php(693): CodeIgniter\Database\MySQLi\Connection->execute('SELECT COUNT(*) AS `numrows`
FROM `dosen`')
 3 SYSTEMPATH\Database\BaseConnection.php(607): CodeIgniter\Database\BaseConnection->simpleQuery('SELECT COUNT(*) AS `numrows`
FROM `dosen`')
 4 SYSTEMPATH\Database\BaseBuilder.php(1700): CodeIgniter\Database\BaseConnection->query('SELECT COUNT(*) AS `numrows`
FROM `dosen`', [], false)
 5 SYSTEMPATH\Model.php(624): CodeIgniter\Database\BaseBuilder->countAllResults(false)
 6 SYSTEMPATH\BaseModel.php(1239): CodeIgniter\Model->countAllResults(false)
 7 APPPATH\Controllers\Dosen.php(26): CodeIgniter\BaseModel->paginate(2, 'dosen')
 8 SYSTEMPATH\CodeIgniter.php(941): App\Controllers\Dosen->index()
 9 SYSTEMPATH\CodeIgniter.php(502): CodeIgniter\CodeIgniter->runController(Object(App\Controllers\Dosen))
10 SYSTEMPATH\CodeIgniter.php(361): CodeIgniter\CodeIgniter->handleRequest(null, Object(Config\Cache), false)
11 FCPATH\index.php(79): CodeIgniter\CodeIgniter->run()
12 SYSTEMPATH\Commands\Server\rewrite.php(47): require_once('C:\\xampp\\htdocs\\project\\public\\index.php')
ERROR - 2024-05-11 03:19:23 --> mysqli_sql_exception: Table 'db_transaksi.dosen' doesn't exist in C:\xampp\htdocs\project\system\Database\MySQLi\Connection.php:306
Stack trace:
#0 C:\xampp\htdocs\project\system\Database\MySQLi\Connection.php(306): mysqli->query('SELECT COUNT(*)...', 0)
#1 C:\xampp\htdocs\project\system\Database\BaseConnection.php(693): CodeIgniter\Database\MySQLi\Connection->execute('SELECT COUNT(*)...')
#2 C:\xampp\htdocs\project\system\Database\BaseConnection.php(607): CodeIgniter\Database\BaseConnection->simpleQuery('SELECT COUNT(*)...')
#3 C:\xampp\htdocs\project\system\Database\BaseBuilder.php(1700): CodeIgniter\Database\BaseConnection->query('SELECT COUNT(*)...', Array, false)
#4 C:\xampp\htdocs\project\system\Model.php(624): CodeIgniter\Database\BaseBuilder->countAllResults(false)
#5 C:\xampp\htdocs\project\system\BaseModel.php(1239): CodeIgniter\Model->countAllResults(false)
#6 C:\xampp\htdocs\project\app\Controllers\Dosen.php(26): CodeIgniter\BaseModel->paginate(2, 'dosen')
#7 C:\xampp\htdocs\project\system\CodeIgniter.php(941): App\Controllers\Dosen->index()
#8 C:\xampp\htdocs\project\system\CodeIgniter.php(502): CodeIgniter\CodeIgniter->runController(Object(App\Controllers\Dosen))
#9 C:\xampp\htdocs\project\system\CodeIgniter.php(361): CodeIgniter\CodeIgniter->handleRequest(NULL, Object(Config\Cache), false)
#10 C:\xampp\htdocs\project\public\index.php(79): CodeIgniter\CodeIgniter->run()
#11 C:\xampp\htdocs\project\system\Commands\Server\rewrite.php(47): require_once('C:\\xampp\\htdocs...')
#12 {main}
CRITICAL - 2024-05-11 03:19:23 --> CodeIgniter\Database\Exceptions\DatabaseException: Table 'db_transaksi.dosen' doesn't exist
in SYSTEMPATH\Database\BaseConnection.php on line 647.
 1 SYSTEMPATH\Database\BaseBuilder.php(1700): CodeIgniter\Database\BaseConnection->query('SELECT COUNT(*) AS `numrows`
FROM `dosen`', [], false)
 2 SYSTEMPATH\Model.php(624): CodeIgniter\Database\BaseBuilder->countAllResults(false)
 3 SYSTEMPATH\BaseModel.php(1239): CodeIgniter\Model->countAllResults(false)
 4 APPPATH\Controllers\Dosen.php(26): CodeIgniter\BaseModel->paginate(2, 'dosen')
 5 SYSTEMPATH\CodeIgniter.php(941): App\Controllers\Dosen->index()
 6 SYSTEMPATH\CodeIgniter.php(502): CodeIgniter\CodeIgniter->runController(Object(App\Controllers\Dosen))
 7 SYSTEMPATH\CodeIgniter.php(361): CodeIgniter\CodeIgniter->handleRequest(null, Object(Config\Cache), false)
 8 FCPATH\index.php(79): CodeIgniter\CodeIgniter->run()
 9 SYSTEMPATH\Commands\Server\rewrite.php(47): require_once('C:\\xampp\\htdocs\\project\\public\\index.php')
CRITICAL - 2024-05-11 03:19:23 --> [Caused by] CodeIgniter\Database\Exceptions\DatabaseException: Table 'db_transaksi.dosen' doesn't exist
in SYSTEMPATH\Database\MySQLi\Connection.php on line 311.
 1 SYSTEMPATH\Database\BaseConnection.php(693): CodeIgniter\Database\MySQLi\Connection->execute('SELECT COUNT(*) AS `numrows`
FROM `dosen`')
 2 SYSTEMPATH\Database\BaseConnection.php(607): CodeIgniter\Database\BaseConnection->simpleQuery('SELECT COUNT(*) AS `numrows`
FROM `dosen`')
 3 SYSTEMPATH\Database\BaseBuilder.php(1700): CodeIgniter\Database\BaseConnection->query('SELECT COUNT(*) AS `numrows`
FROM `dosen`', [], false)
 4 SYSTEMPATH\Model.php(624): CodeIgniter\Database\BaseBuilder->countAllResults(false)
 5 SYSTEMPATH\BaseModel.php(1239): CodeIgniter\Model->countAllResults(false)
 6 APPPATH\Controllers\Dosen.php(26): CodeIgniter\BaseModel->paginate(2, 'dosen')
 7 SYSTEMPATH\CodeIgniter.php(941): App\Controllers\Dosen->index()
 8 SYSTEMPATH\CodeIgniter.php(502): CodeIgniter\CodeIgniter->runController(Object(App\Controllers\Dosen))
 9 SYSTEMPATH\CodeIgniter.php(361): CodeIgniter\CodeIgniter->handleRequest(null, Object(Config\Cache), false)
10 FCPATH\index.php(79): CodeIgniter\CodeIgniter->run()
11 SYSTEMPATH\Commands\Server\rewrite.php(47): require_once('C:\\xampp\\htdocs\\project\\public\\index.php')
CRITICAL - 2024-05-11 03:19:23 --> [Caused by] mysqli_sql_exception: Table 'db_transaksi.dosen' doesn't exist
in SYSTEMPATH\Database\MySQLi\Connection.php on line 306.
 1 SYSTEMPATH\Database\MySQLi\Connection.php(306): mysqli->query('SELECT COUNT(*) AS `numrows`
FROM `dosen`', 0)
 2 SYSTEMPATH\Database\BaseConnection.php(693): CodeIgniter\Database\MySQLi\Connection->execute('SELECT COUNT(*) AS `numrows`
FROM `dosen`')
 3 SYSTEMPATH\Database\BaseConnection.php(607): CodeIgniter\Database\BaseConnection->simpleQuery('SELECT COUNT(*) AS `numrows`
FROM `dosen`')
 4 SYSTEMPATH\Database\BaseBuilder.php(1700): CodeIgniter\Database\BaseConnection->query('SELECT COUNT(*) AS `numrows`
FROM `dosen`', [], false)
 5 SYSTEMPATH\Model.php(624): CodeIgniter\Database\BaseBuilder->countAllResults(false)
 6 SYSTEMPATH\BaseModel.php(1239): CodeIgniter\Model->countAllResults(false)
 7 APPPATH\Controllers\Dosen.php(26): CodeIgniter\BaseModel->paginate(2, 'dosen')
 8 SYSTEMPATH\CodeIgniter.php(941): App\Controllers\Dosen->index()
 9 SYSTEMPATH\CodeIgniter.php(502): CodeIgniter\CodeIgniter->runController(Object(App\Controllers\Dosen))
10 SYSTEMPATH\CodeIgniter.php(361): CodeIgniter\CodeIgniter->handleRequest(null, Object(Config\Cache), false)
11 FCPATH\index.php(79): CodeIgniter\CodeIgniter->run()
12 SYSTEMPATH\Commands\Server\rewrite.php(47): require_once('C:\\xampp\\htdocs\\project\\public\\index.php')
ERROR - 2024-05-11 03:20:22 --> mysqli_sql_exception: Table 'db_transaksi.dosen' doesn't exist in C:\xampp\htdocs\project\system\Database\MySQLi\Connection.php:306
Stack trace:
#0 C:\xampp\htdocs\project\system\Database\MySQLi\Connection.php(306): mysqli->query('SELECT COUNT(*)...', 0)
#1 C:\xampp\htdocs\project\system\Database\BaseConnection.php(693): CodeIgniter\Database\MySQLi\Connection->execute('SELECT COUNT(*)...')
#2 C:\xampp\htdocs\project\system\Database\BaseConnection.php(607): CodeIgniter\Database\BaseConnection->simpleQuery('SELECT COUNT(*)...')
#3 C:\xampp\htdocs\project\system\Database\BaseBuilder.php(1700): CodeIgniter\Database\BaseConnection->query('SELECT COUNT(*)...', Array, false)
#4 C:\xampp\htdocs\project\system\Model.php(624): CodeIgniter\Database\BaseBuilder->countAllResults(false)
#5 C:\xampp\htdocs\project\system\BaseModel.php(1239): CodeIgniter\Model->countAllResults(false)
#6 C:\xampp\htdocs\project\app\Controllers\Dosen.php(26): CodeIgniter\BaseModel->paginate(2, 'dosen')
#7 C:\xampp\htdocs\project\system\CodeIgniter.php(941): App\Controllers\Dosen->index()
#8 C:\xampp\htdocs\project\system\CodeIgniter.php(502): CodeIgniter\CodeIgniter->runController(Object(App\Controllers\Dosen))
#9 C:\xampp\htdocs\project\system\CodeIgniter.php(361): CodeIgniter\CodeIgniter->handleRequest(NULL, Object(Config\Cache), false)
#10 C:\xampp\htdocs\project\public\index.php(79): CodeIgniter\CodeIgniter->run()
#11 C:\xampp\htdocs\project\system\Commands\Server\rewrite.php(47): require_once('C:\\xampp\\htdocs...')
#12 {main}
CRITICAL - 2024-05-11 03:20:22 --> CodeIgniter\Database\Exceptions\DatabaseException: Table 'db_transaksi.dosen' doesn't exist
in SYSTEMPATH\Database\BaseConnection.php on line 647.
 1 SYSTEMPATH\Database\BaseBuilder.php(1700): CodeIgniter\Database\BaseConnection->query('SELECT COUNT(*) AS `numrows`
FROM `dosen`', [], false)
 2 SYSTEMPATH\Model.php(624): CodeIgniter\Database\BaseBuilder->countAllResults(false)
 3 SYSTEMPATH\BaseModel.php(1239): CodeIgniter\Model->countAllResults(false)
 4 APPPATH\Controllers\Dosen.php(26): CodeIgniter\BaseModel->paginate(2, 'dosen')
 5 SYSTEMPATH\CodeIgniter.php(941): App\Controllers\Dosen->index()
 6 SYSTEMPATH\CodeIgniter.php(502): CodeIgniter\CodeIgniter->runController(Object(App\Controllers\Dosen))
 7 SYSTEMPATH\CodeIgniter.php(361): CodeIgniter\CodeIgniter->handleRequest(null, Object(Config\Cache), false)
 8 FCPATH\index.php(79): CodeIgniter\CodeIgniter->run()
 9 SYSTEMPATH\Commands\Server\rewrite.php(47): require_once('C:\\xampp\\htdocs\\project\\public\\index.php')
CRITICAL - 2024-05-11 03:20:22 --> [Caused by] CodeIgniter\Database\Exceptions\DatabaseException: Table 'db_transaksi.dosen' doesn't exist
in SYSTEMPATH\Database\MySQLi\Connection.php on line 311.
 1 SYSTEMPATH\Database\BaseConnection.php(693): CodeIgniter\Database\MySQLi\Connection->execute('SELECT COUNT(*) AS `numrows`
FROM `dosen`')
 2 SYSTEMPATH\Database\BaseConnection.php(607): CodeIgniter\Database\BaseConnection->simpleQuery('SELECT COUNT(*) AS `numrows`
FROM `dosen`')
 3 SYSTEMPATH\Database\BaseBuilder.php(1700): CodeIgniter\Database\BaseConnection->query('SELECT COUNT(*) AS `numrows`
FROM `dosen`', [], false)
 4 SYSTEMPATH\Model.php(624): CodeIgniter\Database\BaseBuilder->countAllResults(false)
 5 SYSTEMPATH\BaseModel.php(1239): CodeIgniter\Model->countAllResults(false)
 6 APPPATH\Controllers\Dosen.php(26): CodeIgniter\BaseModel->paginate(2, 'dosen')
 7 SYSTEMPATH\CodeIgniter.php(941): App\Controllers\Dosen->index()
 8 SYSTEMPATH\CodeIgniter.php(502): CodeIgniter\CodeIgniter->runController(Object(App\Controllers\Dosen))
 9 SYSTEMPATH\CodeIgniter.php(361): CodeIgniter\CodeIgniter->handleRequest(null, Object(Config\Cache), false)
10 FCPATH\index.php(79): CodeIgniter\CodeIgniter->run()
11 SYSTEMPATH\Commands\Server\rewrite.php(47): require_once('C:\\xampp\\htdocs\\project\\public\\index.php')
CRITICAL - 2024-05-11 03:20:22 --> [Caused by] mysqli_sql_exception: Table 'db_transaksi.dosen' doesn't exist
in SYSTEMPATH\Database\MySQLi\Connection.php on line 306.
 1 SYSTEMPATH\Database\MySQLi\Connection.php(306): mysqli->query('SELECT COUNT(*) AS `numrows`
FROM `dosen`', 0)
 2 SYSTEMPATH\Database\BaseConnection.php(693): CodeIgniter\Database\MySQLi\Connection->execute('SELECT COUNT(*) AS `numrows`
FROM `dosen`')
 3 SYSTEMPATH\Database\BaseConnection.php(607): CodeIgniter\Database\BaseConnection->simpleQuery('SELECT COUNT(*) AS `numrows`
FROM `dosen`')
 4 SYSTEMPATH\Database\BaseBuilder.php(1700): CodeIgniter\Database\BaseConnection->query('SELECT COUNT(*) AS `numrows`
FROM `dosen`', [], false)
 5 SYSTEMPATH\Model.php(624): CodeIgniter\Database\BaseBuilder->countAllResults(false)
 6 SYSTEMPATH\BaseModel.php(1239): CodeIgniter\Model->countAllResults(false)
 7 APPPATH\Controllers\Dosen.php(26): CodeIgniter\BaseModel->paginate(2, 'dosen')
 8 SYSTEMPATH\CodeIgniter.php(941): App\Controllers\Dosen->index()
 9 SYSTEMPATH\CodeIgniter.php(502): CodeIgniter\CodeIgniter->runController(Object(App\Controllers\Dosen))
10 SYSTEMPATH\CodeIgniter.php(361): CodeIgniter\CodeIgniter->handleRequest(null, Object(Config\Cache), false)
11 FCPATH\index.php(79): CodeIgniter\CodeIgniter->run()
12 SYSTEMPATH\Commands\Server\rewrite.php(47): require_once('C:\\xampp\\htdocs\\project\\public\\index.php')
ERROR - 2024-05-11 03:21:26 --> Error connecting to the database: mysqli_sql_exception: No connection could be made because the target machine actively refused it.
 in C:\xampp\htdocs\project\system\Database\MySQLi\Connection.php:185
Stack trace:
#0 C:\xampp\htdocs\project\system\Database\MySQLi\Connection.php(185): mysqli->real_connect('localhost', 'root', '', 'db_transaksi', 3306, '', 0)
#1 C:\xampp\htdocs\project\system\Database\BaseConnection.php(392): CodeIgniter\Database\MySQLi\Connection->connect(false)
#2 C:\xampp\htdocs\project\system\Database\BaseConnection.php(575): CodeIgniter\Database\BaseConnection->initialize()
#3 C:\xampp\htdocs\project\system\Database\BaseBuilder.php(1700): CodeIgniter\Database\BaseConnection->query('SELECT COUNT(*)...', Array, false)
#4 C:\xampp\htdocs\project\system\Model.php(624): CodeIgniter\Database\BaseBuilder->countAllResults(false)
#5 C:\xampp\htdocs\project\system\BaseModel.php(1239): CodeIgniter\Model->countAllResults(false)
#6 C:\xampp\htdocs\project\app\Controllers\Dosen.php(26): CodeIgniter\BaseModel->paginate(2, 'dosen')
#7 C:\xampp\htdocs\project\system\CodeIgniter.php(941): App\Controllers\Dosen->index()
#8 C:\xampp\htdocs\project\system\CodeIgniter.php(502): CodeIgniter\CodeIgniter->runController(Object(App\Controllers\Dosen))
#9 C:\xampp\htdocs\project\system\CodeIgniter.php(361): CodeIgniter\CodeIgniter->handleRequest(NULL, Object(Config\Cache), false)
#10 C:\xampp\htdocs\project\public\index.php(79): CodeIgniter\CodeIgniter->run()
#11 C:\xampp\htdocs\project\system\Commands\Server\rewrite.php(47): require_once('C:\\xampp\\htdocs...')
#12 {main}

Next CodeIgniter\Database\Exceptions\DatabaseException: No connection could be made because the target machine actively refused it.
 in C:\xampp\htdocs\project\system\Database\MySQLi\Connection.php:229
Stack trace:
#0 C:\xampp\htdocs\project\system\Database\BaseConnection.php(392): CodeIgniter\Database\MySQLi\Connection->connect(false)
#1 C:\xampp\htdocs\project\system\Database\BaseConnection.php(575): CodeIgniter\Database\BaseConnection->initialize()
#2 C:\xampp\htdocs\project\system\Database\BaseBuilder.php(1700): CodeIgniter\Database\BaseConnection->query('SELECT COUNT(*)...', Array, false)
#3 C:\xampp\htdocs\project\system\Model.php(624): CodeIgniter\Database\BaseBuilder->countAllResults(false)
#4 C:\xampp\htdocs\project\system\BaseModel.php(1239): CodeIgniter\Model->countAllResults(false)
#5 C:\xampp\htdocs\project\app\Controllers\Dosen.php(26): CodeIgniter\BaseModel->paginate(2, 'dosen')
#6 C:\xampp\htdocs\project\system\CodeIgniter.php(941): App\Controllers\Dosen->index()
#7 C:\xampp\htdocs\project\system\CodeIgniter.php(502): CodeIgniter\CodeIgniter->runController(Object(App\Controllers\Dosen))
#8 C:\xampp\htdocs\project\system\CodeIgniter.php(361): CodeIgniter\CodeIgniter->handleRequest(NULL, Object(Config\Cache), false)
#9 C:\xampp\htdocs\project\public\index.php(79): CodeIgniter\CodeIgniter->run()
#10 C:\xampp\htdocs\project\system\Commands\Server\rewrite.php(47): require_once('C:\\xampp\\htdocs...')
#11 {main}
CRITICAL - 2024-05-11 03:21:26 --> CodeIgniter\Database\Exceptions\DatabaseException: Unable to connect to the database.
Main connection [MySQLi]: No connection could be made because the target machine actively refused it.

in SYSTEMPATH\Database\BaseConnection.php on line 428.
 1 SYSTEMPATH\Database\BaseConnection.php(575): CodeIgniter\Database\BaseConnection->initialize()
 2 SYSTEMPATH\Database\BaseBuilder.php(1700): CodeIgniter\Database\BaseConnection->query('SELECT COUNT(*) AS `numrows`
FROM `dosen`', [], false)
 3 SYSTEMPATH\Model.php(624): CodeIgniter\Database\BaseBuilder->countAllResults(false)
 4 SYSTEMPATH\BaseModel.php(1239): CodeIgniter\Model->countAllResults(false)
 5 APPPATH\Controllers\Dosen.php(26): CodeIgniter\BaseModel->paginate(2, 'dosen')
 6 SYSTEMPATH\CodeIgniter.php(941): App\Controllers\Dosen->index()
 7 SYSTEMPATH\CodeIgniter.php(502): CodeIgniter\CodeIgniter->runController(Object(App\Controllers\Dosen))
 8 SYSTEMPATH\CodeIgniter.php(361): CodeIgniter\CodeIgniter->handleRequest(null, Object(Config\Cache), false)
 9 FCPATH\index.php(79): CodeIgniter\CodeIgniter->run()
10 SYSTEMPATH\Commands\Server\rewrite.php(47): require_once('C:\\xampp\\htdocs\\project\\public\\index.php')
ERROR - 2024-05-11 03:21:37 --> mysqli_sql_exception: Table 'db_transaksi.dosen' doesn't exist in C:\xampp\htdocs\project\system\Database\MySQLi\Connection.php:306
Stack trace:
#0 C:\xampp\htdocs\project\system\Database\MySQLi\Connection.php(306): mysqli->query('SELECT COUNT(*)...', 0)
#1 C:\xampp\htdocs\project\system\Database\BaseConnection.php(693): CodeIgniter\Database\MySQLi\Connection->execute('SELECT COUNT(*)...')
#2 C:\xampp\htdocs\project\system\Database\BaseConnection.php(607): CodeIgniter\Database\BaseConnection->simpleQuery('SELECT COUNT(*)...')
#3 C:\xampp\htdocs\project\system\Database\BaseBuilder.php(1700): CodeIgniter\Database\BaseConnection->query('SELECT COUNT(*)...', Array, false)
#4 C:\xampp\htdocs\project\system\Model.php(624): CodeIgniter\Database\BaseBuilder->countAllResults(false)
#5 C:\xampp\htdocs\project\system\BaseModel.php(1239): CodeIgniter\Model->countAllResults(false)
#6 C:\xampp\htdocs\project\app\Controllers\Dosen.php(26): CodeIgniter\BaseModel->paginate(2, 'dosen')
#7 C:\xampp\htdocs\project\system\CodeIgniter.php(941): App\Controllers\Dosen->index()
#8 C:\xampp\htdocs\project\system\CodeIgniter.php(502): CodeIgniter\CodeIgniter->runController(Object(App\Controllers\Dosen))
#9 C:\xampp\htdocs\project\system\CodeIgniter.php(361): CodeIgniter\CodeIgniter->handleRequest(NULL, Object(Config\Cache), false)
#10 C:\xampp\htdocs\project\public\index.php(79): CodeIgniter\CodeIgniter->run()
#11 C:\xampp\htdocs\project\system\Commands\Server\rewrite.php(47): require_once('C:\\xampp\\htdocs...')
#12 {main}
CRITICAL - 2024-05-11 03:21:37 --> CodeIgniter\Database\Exceptions\DatabaseException: Table 'db_transaksi.dosen' doesn't exist
in SYSTEMPATH\Database\BaseConnection.php on line 647.
 1 SYSTEMPATH\Database\BaseBuilder.php(1700): CodeIgniter\Database\BaseConnection->query('SELECT COUNT(*) AS `numrows`
FROM `dosen`', [], false)
 2 SYSTEMPATH\Model.php(624): CodeIgniter\Database\BaseBuilder->countAllResults(false)
 3 SYSTEMPATH\BaseModel.php(1239): CodeIgniter\Model->countAllResults(false)
 4 APPPATH\Controllers\Dosen.php(26): CodeIgniter\BaseModel->paginate(2, 'dosen')
 5 SYSTEMPATH\CodeIgniter.php(941): App\Controllers\Dosen->index()
 6 SYSTEMPATH\CodeIgniter.php(502): CodeIgniter\CodeIgniter->runController(Object(App\Controllers\Dosen))
 7 SYSTEMPATH\CodeIgniter.php(361): CodeIgniter\CodeIgniter->handleRequest(null, Object(Config\Cache), false)
 8 FCPATH\index.php(79): CodeIgniter\CodeIgniter->run()
 9 SYSTEMPATH\Commands\Server\rewrite.php(47): require_once('C:\\xampp\\htdocs\\project\\public\\index.php')
CRITICAL - 2024-05-11 03:21:37 --> [Caused by] CodeIgniter\Database\Exceptions\DatabaseException: Table 'db_transaksi.dosen' doesn't exist
in SYSTEMPATH\Database\MySQLi\Connection.php on line 311.
 1 SYSTEMPATH\Database\BaseConnection.php(693): CodeIgniter\Database\MySQLi\Connection->execute('SELECT COUNT(*) AS `numrows`
FROM `dosen`')
 2 SYSTEMPATH\Database\BaseConnection.php(607): CodeIgniter\Database\BaseConnection->simpleQuery('SELECT COUNT(*) AS `numrows`
FROM `dosen`')
 3 SYSTEMPATH\Database\BaseBuilder.php(1700): CodeIgniter\Database\BaseConnection->query('SELECT COUNT(*) AS `numrows`
FROM `dosen`', [], false)
 4 SYSTEMPATH\Model.php(624): CodeIgniter\Database\BaseBuilder->countAllResults(false)
 5 SYSTEMPATH\BaseModel.php(1239): CodeIgniter\Model->countAllResults(false)
 6 APPPATH\Controllers\Dosen.php(26): CodeIgniter\BaseModel->paginate(2, 'dosen')
 7 SYSTEMPATH\CodeIgniter.php(941): App\Controllers\Dosen->index()
 8 SYSTEMPATH\CodeIgniter.php(502): CodeIgniter\CodeIgniter->runController(Object(App\Controllers\Dosen))
 9 SYSTEMPATH\CodeIgniter.php(361): CodeIgniter\CodeIgniter->handleRequest(null, Object(Config\Cache), false)
10 FCPATH\index.php(79): CodeIgniter\CodeIgniter->run()
11 SYSTEMPATH\Commands\Server\rewrite.php(47): require_once('C:\\xampp\\htdocs\\project\\public\\index.php')
CRITICAL - 2024-05-11 03:21:37 --> [Caused by] mysqli_sql_exception: Table 'db_transaksi.dosen' doesn't exist
in SYSTEMPATH\Database\MySQLi\Connection.php on line 306.
 1 SYSTEMPATH\Database\MySQLi\Connection.php(306): mysqli->query('SELECT COUNT(*) AS `numrows`
FROM `dosen`', 0)
 2 SYSTEMPATH\Database\BaseConnection.php(693): CodeIgniter\Database\MySQLi\Connection->execute('SELECT COUNT(*) AS `numrows`
FROM `dosen`')
 3 SYSTEMPATH\Database\BaseConnection.php(607): CodeIgniter\Database\BaseConnection->simpleQuery('SELECT COUNT(*) AS `numrows`
FROM `dosen`')
 4 SYSTEMPATH\Database\BaseBuilder.php(1700): CodeIgniter\Database\BaseConnection->query('SELECT COUNT(*) AS `numrows`
FROM `dosen`', [], false)
 5 SYSTEMPATH\Model.php(624): CodeIgniter\Database\BaseBuilder->countAllResults(false)
 6 SYSTEMPATH\BaseModel.php(1239): CodeIgniter\Model->countAllResults(false)
 7 APPPATH\Controllers\Dosen.php(26): CodeIgniter\BaseModel->paginate(2, 'dosen')
 8 SYSTEMPATH\CodeIgniter.php(941): App\Controllers\Dosen->index()
 9 SYSTEMPATH\CodeIgniter.php(502): CodeIgniter\CodeIgniter->runController(Object(App\Controllers\Dosen))
10 SYSTEMPATH\CodeIgniter.php(361): CodeIgniter\CodeIgniter->handleRequest(null, Object(Config\Cache), false)
11 FCPATH\index.php(79): CodeIgniter\CodeIgniter->run()
12 SYSTEMPATH\Commands\Server\rewrite.php(47): require_once('C:\\xampp\\htdocs\\project\\public\\index.php')
ERROR - 2024-05-11 03:44:46 --> Error connecting to the database: mysqli_sql_exception: No connection could be made because the target machine actively refused it.
 in C:\xampp\htdocs\project\system\Database\MySQLi\Connection.php:185
Stack trace:
#0 C:\xampp\htdocs\project\system\Database\MySQLi\Connection.php(185): mysqli->real_connect('localhost', 'root', '', 'db_transaksi', 3306, '', 0)
#1 C:\xampp\htdocs\project\system\Database\BaseConnection.php(392): CodeIgniter\Database\MySQLi\Connection->connect(false)
#2 C:\xampp\htdocs\project\system\Database\BaseConnection.php(575): CodeIgniter\Database\BaseConnection->initialize()
#3 C:\xampp\htdocs\project\system\Database\BaseBuilder.php(1616): CodeIgniter\Database\BaseConnection->query('SELECT *\nFROM `...', Array, false)
#4 C:\xampp\htdocs\project\system\Model.php(242): CodeIgniter\Database\BaseBuilder->get()
#5 C:\xampp\htdocs\project\system\BaseModel.php(638): CodeIgniter\Model->doFindAll(0, 0)
#6 C:\xampp\htdocs\project\app\Controllers\transaksi.php(32): CodeIgniter\BaseModel->findAll()
#7 C:\xampp\htdocs\project\system\CodeIgniter.php(941): App\Controllers\Transaksi->index()
#8 C:\xampp\htdocs\project\system\CodeIgniter.php(502): CodeIgniter\CodeIgniter->runController(Object(App\Controllers\Transaksi))
#9 C:\xampp\htdocs\project\system\CodeIgniter.php(361): CodeIgniter\CodeIgniter->handleRequest(NULL, Object(Config\Cache), false)
#10 C:\xampp\htdocs\project\public\index.php(79): CodeIgniter\CodeIgniter->run()
#11 C:\xampp\htdocs\project\system\Commands\Server\rewrite.php(47): require_once('C:\\xampp\\htdocs...')
#12 {main}

Next CodeIgniter\Database\Exceptions\DatabaseException: No connection could be made because the target machine actively refused it.
 in C:\xampp\htdocs\project\system\Database\MySQLi\Connection.php:229
Stack trace:
#0 C:\xampp\htdocs\project\system\Database\BaseConnection.php(392): CodeIgniter\Database\MySQLi\Connection->connect(false)
#1 C:\xampp\htdocs\project\system\Database\BaseConnection.php(575): CodeIgniter\Database\BaseConnection->initialize()
#2 C:\xampp\htdocs\project\system\Database\BaseBuilder.php(1616): CodeIgniter\Database\BaseConnection->query('SELECT *\nFROM `...', Array, false)
#3 C:\xampp\htdocs\project\system\Model.php(242): CodeIgniter\Database\BaseBuilder->get()
#4 C:\xampp\htdocs\project\system\BaseModel.php(638): CodeIgniter\Model->doFindAll(0, 0)
#5 C:\xampp\htdocs\project\app\Controllers\transaksi.php(32): CodeIgniter\BaseModel->findAll()
#6 C:\xampp\htdocs\project\system\CodeIgniter.php(941): App\Controllers\Transaksi->index()
#7 C:\xampp\htdocs\project\system\CodeIgniter.php(502): CodeIgniter\CodeIgniter->runController(Object(App\Controllers\Transaksi))
#8 C:\xampp\htdocs\project\system\CodeIgniter.php(361): CodeIgniter\CodeIgniter->handleRequest(NULL, Object(Config\Cache), false)
#9 C:\xampp\htdocs\project\public\index.php(79): CodeIgniter\CodeIgniter->run()
#10 C:\xampp\htdocs\project\system\Commands\Server\rewrite.php(47): require_once('C:\\xampp\\htdocs...')
#11 {main}
CRITICAL - 2024-05-11 03:44:46 --> CodeIgniter\Database\Exceptions\DatabaseException: Unable to connect to the database.
Main connection [MySQLi]: No connection could be made because the target machine actively refused it.

in SYSTEMPATH\Database\BaseConnection.php on line 428.
 1 SYSTEMPATH\Database\BaseConnection.php(575): CodeIgniter\Database\BaseConnection->initialize()
 2 SYSTEMPATH\Database\BaseBuilder.php(1616): CodeIgniter\Database\BaseConnection->query('SELECT *
FROM `customer`', [], false)
 3 SYSTEMPATH\Model.php(242): CodeIgniter\Database\BaseBuilder->get()
 4 SYSTEMPATH\BaseModel.php(638): CodeIgniter\Model->doFindAll(0, 0)
 5 APPPATH\Controllers\transaksi.php(32): CodeIgniter\BaseModel->findAll()
 6 SYSTEMPATH\CodeIgniter.php(941): App\Controllers\Transaksi->index()
 7 SYSTEMPATH\CodeIgniter.php(502): CodeIgniter\CodeIgniter->runController(Object(App\Controllers\Transaksi))
 8 SYSTEMPATH\CodeIgniter.php(361): CodeIgniter\CodeIgniter->handleRequest(null, Object(Config\Cache), false)
 9 FCPATH\index.php(79): CodeIgniter\CodeIgniter->run()
10 SYSTEMPATH\Commands\Server\rewrite.php(47): require_once('C:\\xampp\\htdocs\\project\\public\\index.php')
INFO - 2024-05-11 03:51:55 --> Session: Class initialized using 'CodeIgniter\Session\Handlers\FileHandler' driver.
INFO - 2024-05-11 03:53:11 --> Session: Class initialized using 'CodeIgniter\Session\Handlers\FileHandler' driver.
INFO - 2024-05-11 03:53:27 --> Session: Class initialized using 'CodeIgniter\Session\Handlers\FileHandler' driver.
INFO - 2024-05-11 03:57:59 --> Session: Class initialized using 'CodeIgniter\Session\Handlers\FileHandler' driver.
INFO - 2024-05-11 03:58:04 --> Session: Class initialized using 'CodeIgniter\Session\Handlers\FileHandler' driver.
INFO - 2024-05-11 03:58:13 --> Session: Class initialized using 'CodeIgniter\Session\Handlers\FileHandler' driver.
INFO - 2024-05-11 03:59:13 --> Session: Class initialized using 'CodeIgniter\Session\Handlers\FileHandler' driver.
INFO - 2024-05-11 04:12:18 --> Session: Class initialized using 'CodeIgniter\Session\Handlers\FileHandler' driver.
INFO - 2024-05-11 04:12:21 --> Session: Class initialized using 'CodeIgniter\Session\Handlers\FileHandler' driver.
INFO - 2024-05-11 04:12:50 --> Session: Class initialized using 'CodeIgniter\Session\Handlers\FileHandler' driver.
INFO - 2024-05-11 04:13:15 --> Session: Class initialized using 'CodeIgniter\Session\Handlers\FileHandler' driver.
INFO - 2024-05-11 04:13:21 --> Session: Class initialized using 'CodeIgniter\Session\Handlers\FileHandler' driver.
INFO - 2024-05-11 04:28:53 --> Session: Class initialized using 'CodeIgniter\Session\Handlers\FileHandler' driver.
INFO - 2024-05-11 04:28:57 --> Session: Class initialized using 'CodeIgniter\Session\Handlers\FileHandler' driver.
INFO - 2024-05-11 04:29:07 --> Session: Class initialized using 'CodeIgniter\Session\Handlers\FileHandler' driver.
INFO - 2024-05-11 04:29:27 --> Session: Class initialized using 'CodeIgniter\Session\Handlers\FileHandler' driver.
INFO - 2024-05-11 04:30:15 --> Session: Class initialized using 'CodeIgniter\Session\Handlers\FileHandler' driver.
INFO - 2024-05-11 04:30:21 --> Session: Class initialized using 'CodeIgniter\Session\Handlers\FileHandler' driver.
INFO - 2024-05-11 04:30:36 --> Session: Class initialized using 'CodeIgniter\Session\Handlers\FileHandler' driver.
ERROR - 2024-05-11 10:02:32 --> Error connecting to the database: mysqli_sql_exception: No connection could be made because the target machine actively refused it.
 in C:\xampp\htdocs\kampus\system\Database\MySQLi\Connection.php:185
Stack trace:
#0 C:\xampp\htdocs\kampus\system\Database\MySQLi\Connection.php(185): mysqli->real_connect('localhost', 'root', '', 'db_transaksi', 3306, '', 0)
#1 C:\xampp\htdocs\kampus\system\Database\BaseConnection.php(392): CodeIgniter\Database\MySQLi\Connection->connect(false)
#2 C:\xampp\htdocs\kampus\system\Database\BaseConnection.php(575): CodeIgniter\Database\BaseConnection->initialize()
#3 C:\xampp\htdocs\kampus\system\Database\BaseBuilder.php(1616): CodeIgniter\Database\BaseConnection->query('SELECT *\nFROM `...', Array, false)
#4 C:\xampp\htdocs\kampus\system\Model.php(242): CodeIgniter\Database\BaseBuilder->get()
#5 C:\xampp\htdocs\kampus\system\BaseModel.php(638): CodeIgniter\Model->doFindAll(0, 0)
#6 C:\xampp\htdocs\kampus\app\Controllers\transaksi.php(32): CodeIgniter\BaseModel->findAll()
#7 C:\xampp\htdocs\kampus\system\CodeIgniter.php(941): App\Controllers\Transaksi->index()
#8 C:\xampp\htdocs\kampus\system\CodeIgniter.php(502): CodeIgniter\CodeIgniter->runController(Object(App\Controllers\Transaksi))
#9 C:\xampp\htdocs\kampus\system\CodeIgniter.php(361): CodeIgniter\CodeIgniter->handleRequest(NULL, Object(Config\Cache), false)
#10 C:\xampp\htdocs\kampus\public\index.php(79): CodeIgniter\CodeIgniter->run()
#11 C:\xampp\htdocs\kampus\system\Commands\Server\rewrite.php(47): require_once('C:\\xampp\\htdocs...')
#12 {main}

Next CodeIgniter\Database\Exceptions\DatabaseException: No connection could be made because the target machine actively refused it.
 in C:\xampp\htdocs\kampus\system\Database\MySQLi\Connection.php:229
Stack trace:
#0 C:\xampp\htdocs\kampus\system\Database\BaseConnection.php(392): CodeIgniter\Database\MySQLi\Connection->connect(false)
#1 C:\xampp\htdocs\kampus\system\Database\BaseConnection.php(575): CodeIgniter\Database\BaseConnection->initialize()
#2 C:\xampp\htdocs\kampus\system\Database\BaseBuilder.php(1616): CodeIgniter\Database\BaseConnection->query('SELECT *\nFROM `...', Array, false)
#3 C:\xampp\htdocs\kampus\system\Model.php(242): CodeIgniter\Database\BaseBuilder->get()
#4 C:\xampp\htdocs\kampus\system\BaseModel.php(638): CodeIgniter\Model->doFindAll(0, 0)
#5 C:\xampp\htdocs\kampus\app\Controllers\transaksi.php(32): CodeIgniter\BaseModel->findAll()
#6 C:\xampp\htdocs\kampus\system\CodeIgniter.php(941): App\Controllers\Transaksi->index()
#7 C:\xampp\htdocs\kampus\system\CodeIgniter.php(502): CodeIgniter\CodeIgniter->runController(Object(App\Controllers\Transaksi))
#8 C:\xampp\htdocs\kampus\system\CodeIgniter.php(361): CodeIgniter\CodeIgniter->handleRequest(NULL, Object(Config\Cache), false)
#9 C:\xampp\htdocs\kampus\public\index.php(79): CodeIgniter\CodeIgniter->run()
#10 C:\xampp\htdocs\kampus\system\Commands\Server\rewrite.php(47): require_once('C:\\xampp\\htdocs...')
#11 {main}
CRITICAL - 2024-05-11 10:02:32 --> CodeIgniter\Database\Exceptions\DatabaseException: Unable to connect to the database.
Main connection [MySQLi]: No connection could be made because the target machine actively refused it.

in SYSTEMPATH\Database\BaseConnection.php on line 428.
 1 SYSTEMPATH\Database\BaseConnection.php(575): CodeIgniter\Database\BaseConnection->initialize()
 2 SYSTEMPATH\Database\BaseBuilder.php(1616): CodeIgniter\Database\BaseConnection->query('SELECT *
FROM `customer`', [], false)
 3 SYSTEMPATH\Model.php(242): CodeIgniter\Database\BaseBuilder->get()
 4 SYSTEMPATH\BaseModel.php(638): CodeIgniter\Model->doFindAll(0, 0)
 5 APPPATH\Controllers\transaksi.php(32): CodeIgniter\BaseModel->findAll()
 6 SYSTEMPATH\CodeIgniter.php(941): App\Controllers\Transaksi->index()
 7 SYSTEMPATH\CodeIgniter.php(502): CodeIgniter\CodeIgniter->runController(Object(App\Controllers\Transaksi))
 8 SYSTEMPATH\CodeIgniter.php(361): CodeIgniter\CodeIgniter->handleRequest(null, Object(Config\Cache), false)
 9 FCPATH\index.php(79): CodeIgniter\CodeIgniter->run()
10 SYSTEMPATH\Commands\Server\rewrite.php(47): require_once('C:\\xampp\\htdocs\\kampus\\public\\index.php')
INFO - 2024-05-11 10:03:34 --> Session: Class initialized using 'CodeIgniter\Session\Handlers\FileHandler' driver.
INFO - 2024-05-11 10:05:22 --> Session: Class initialized using 'CodeIgniter\Session\Handlers\FileHandler' driver.
