ERROR - 2024-03-16 07:37:02 --> Error connecting to the database: mysqli_sql_exception: Access denied for user ''@'localhost' (using password: NO) in C:\xampp\htdocs\farid - Copy\system\Database\MySQLi\Connection.php:185
Stack trace:
#0 C:\xampp\htdocs\farid - Copy\system\Database\MySQLi\Connection.php(185): mysqli->real_connect('localhost', '', '', '', 3306, '', 0)
#1 C:\xampp\htdocs\farid - Copy\system\Database\BaseConnection.php(392): CodeIgniter\Database\MySQLi\Connection->connect(false)
#2 C:\xampp\htdocs\farid - Copy\system\Database\BaseConnection.php(575): CodeIgniter\Database\BaseConnection->initialize()
#3 C:\xampp\htdocs\farid - Copy\system\Database\BaseBuilder.php(1700): CodeIgniter\Database\BaseConnection->query('SELECT COUNT(*)...', Array, false)
#4 C:\xampp\htdocs\farid - Copy\system\Model.php(624): CodeIgniter\Database\BaseBuilder->countAllResults(false)
#5 C:\xampp\htdocs\farid - Copy\system\BaseModel.php(1239): CodeIgniter\Model->countAllResults(false)
#6 C:\xampp\htdocs\farid - Copy\app\Controllers\Dosen.php(14): CodeIgniter\BaseModel->paginate(2, 'dosen')
#7 C:\xampp\htdocs\farid - Copy\system\CodeIgniter.php(941): App\Controllers\Dosen->index()
#8 C:\xampp\htdocs\farid - Copy\system\CodeIgniter.php(502): CodeIgniter\CodeIgniter->runController(Object(App\Controllers\Dosen))
#9 C:\xampp\htdocs\farid - Copy\system\CodeIgniter.php(361): CodeIgniter\CodeIgniter->handleRequest(NULL, Object(Config\Cache), false)
#10 C:\xampp\htdocs\farid - Copy\public\index.php(79): CodeIgniter\CodeIgniter->run()
#11 C:\xampp\htdocs\farid - Copy\system\Commands\Server\rewrite.php(47): require_once('C:\\xampp\\htdocs...')
#12 {main}

Next CodeIgniter\Database\Exceptions\DatabaseException: Access denied for user ''@'localhost' (using password: NO) in C:\xampp\htdocs\farid - Copy\system\Database\MySQLi\Connection.php:229
Stack trace:
#0 C:\xampp\htdocs\farid - Copy\system\Database\BaseConnection.php(392): CodeIgniter\Database\MySQLi\Connection->connect(false)
#1 C:\xampp\htdocs\farid - Copy\system\Database\BaseConnection.php(575): CodeIgniter\Database\BaseConnection->initialize()
#2 C:\xampp\htdocs\farid - Copy\system\Database\BaseBuilder.php(1700): CodeIgniter\Database\BaseConnection->query('SELECT COUNT(*)...', Array, false)
#3 C:\xampp\htdocs\farid - Copy\system\Model.php(624): CodeIgniter\Database\BaseBuilder->countAllResults(false)
#4 C:\xampp\htdocs\farid - Copy\system\BaseModel.php(1239): CodeIgniter\Model->countAllResults(false)
#5 C:\xampp\htdocs\farid - Copy\app\Controllers\Dosen.php(14): CodeIgniter\BaseModel->paginate(2, 'dosen')
#6 C:\xampp\htdocs\farid - Copy\system\CodeIgniter.php(941): App\Controllers\Dosen->index()
#7 C:\xampp\htdocs\farid - Copy\system\CodeIgniter.php(502): CodeIgniter\CodeIgniter->runController(Object(App\Controllers\Dosen))
#8 C:\xampp\htdocs\farid - Copy\system\CodeIgniter.php(361): CodeIgniter\CodeIgniter->handleRequest(NULL, Object(Config\Cache), false)
#9 C:\xampp\htdocs\farid - Copy\public\index.php(79): CodeIgniter\CodeIgniter->run()
#10 C:\xampp\htdocs\farid - Copy\system\Commands\Server\rewrite.php(47): require_once('C:\\xampp\\htdocs...')
#11 {main}
CRITICAL - 2024-03-16 07:37:02 --> CodeIgniter\Database\Exceptions\DatabaseException: Unable to connect to the database.
Main connection [MySQLi]: Access denied for user ''@'localhost' (using password: NO)
in SYSTEMPATH\Database\BaseConnection.php on line 428.
 1 SYSTEMPATH\Database\BaseConnection.php(575): CodeIgniter\Database\BaseConnection->initialize()
 2 SYSTEMPATH\Database\BaseBuilder.php(1700): CodeIgniter\Database\BaseConnection->query('SELECT COUNT(*) AS `numrows`
FROM `dosen`', [], false)
 3 SYSTEMPATH\Model.php(624): CodeIgniter\Database\BaseBuilder->countAllResults(false)
 4 SYSTEMPATH\BaseModel.php(1239): CodeIgniter\Model->countAllResults(false)
 5 APPPATH\Controllers\Dosen.php(14): CodeIgniter\BaseModel->paginate(2, 'dosen')
 6 SYSTEMPATH\CodeIgniter.php(941): App\Controllers\Dosen->index()
 7 SYSTEMPATH\CodeIgniter.php(502): CodeIgniter\CodeIgniter->runController(Object(App\Controllers\Dosen))
 8 SYSTEMPATH\CodeIgniter.php(361): CodeIgniter\CodeIgniter->handleRequest(null, Object(Config\Cache), false)
 9 FCPATH\index.php(79): CodeIgniter\CodeIgniter->run()
10 SYSTEMPATH\Commands\Server\rewrite.php(47): require_once('C:\\xampp\\htdocs\\farid - Copy\\public\\index.php')
ERROR - 2024-03-16 07:37:03 --> Error connecting to the database: mysqli_sql_exception: Access denied for user ''@'localhost' (using password: NO) in C:\xampp\htdocs\farid - Copy\system\Database\MySQLi\Connection.php:185
Stack trace:
#0 C:\xampp\htdocs\farid - Copy\system\Database\MySQLi\Connection.php(185): mysqli->real_connect('localhost', '', '', '', 3306, '', 0)
#1 C:\xampp\htdocs\farid - Copy\system\Database\BaseConnection.php(392): CodeIgniter\Database\MySQLi\Connection->connect(false)
#2 C:\xampp\htdocs\farid - Copy\system\Database\BaseConnection.php(575): CodeIgniter\Database\BaseConnection->initialize()
#3 C:\xampp\htdocs\farid - Copy\system\Database\BaseBuilder.php(1700): CodeIgniter\Database\BaseConnection->query('SELECT COUNT(*)...', Array, false)
#4 C:\xampp\htdocs\farid - Copy\system\Model.php(624): CodeIgniter\Database\BaseBuilder->countAllResults(false)
#5 C:\xampp\htdocs\farid - Copy\system\BaseModel.php(1239): CodeIgniter\Model->countAllResults(false)
#6 C:\xampp\htdocs\farid - Copy\app\Controllers\Dosen.php(14): CodeIgniter\BaseModel->paginate(2, 'dosen')
#7 C:\xampp\htdocs\farid - Copy\system\CodeIgniter.php(941): App\Controllers\Dosen->index()
#8 C:\xampp\htdocs\farid - Copy\system\CodeIgniter.php(502): CodeIgniter\CodeIgniter->runController(Object(App\Controllers\Dosen))
#9 C:\xampp\htdocs\farid - Copy\system\CodeIgniter.php(361): CodeIgniter\CodeIgniter->handleRequest(NULL, Object(Config\Cache), false)
#10 C:\xampp\htdocs\farid - Copy\public\index.php(79): CodeIgniter\CodeIgniter->run()
#11 C:\xampp\htdocs\farid - Copy\system\Commands\Server\rewrite.php(47): require_once('C:\\xampp\\htdocs...')
#12 {main}

Next CodeIgniter\Database\Exceptions\DatabaseException: Access denied for user ''@'localhost' (using password: NO) in C:\xampp\htdocs\farid - Copy\system\Database\MySQLi\Connection.php:229
Stack trace:
#0 C:\xampp\htdocs\farid - Copy\system\Database\BaseConnection.php(392): CodeIgniter\Database\MySQLi\Connection->connect(false)
#1 C:\xampp\htdocs\farid - Copy\system\Database\BaseConnection.php(575): CodeIgniter\Database\BaseConnection->initialize()
#2 C:\xampp\htdocs\farid - Copy\system\Database\BaseBuilder.php(1700): CodeIgniter\Database\BaseConnection->query('SELECT COUNT(*)...', Array, false)
#3 C:\xampp\htdocs\farid - Copy\system\Model.php(624): CodeIgniter\Database\BaseBuilder->countAllResults(false)
#4 C:\xampp\htdocs\farid - Copy\system\BaseModel.php(1239): CodeIgniter\Model->countAllResults(false)
#5 C:\xampp\htdocs\farid - Copy\app\Controllers\Dosen.php(14): CodeIgniter\BaseModel->paginate(2, 'dosen')
#6 C:\xampp\htdocs\farid - Copy\system\CodeIgniter.php(941): App\Controllers\Dosen->index()
#7 C:\xampp\htdocs\farid - Copy\system\CodeIgniter.php(502): CodeIgniter\CodeIgniter->runController(Object(App\Controllers\Dosen))
#8 C:\xampp\htdocs\farid - Copy\system\CodeIgniter.php(361): CodeIgniter\CodeIgniter->handleRequest(NULL, Object(Config\Cache), false)
#9 C:\xampp\htdocs\farid - Copy\public\index.php(79): CodeIgniter\CodeIgniter->run()
#10 C:\xampp\htdocs\farid - Copy\system\Commands\Server\rewrite.php(47): require_once('C:\\xampp\\htdocs...')
#11 {main}
CRITICAL - 2024-03-16 07:37:03 --> CodeIgniter\Database\Exceptions\DatabaseException: Unable to connect to the database.
Main connection [MySQLi]: Access denied for user ''@'localhost' (using password: NO)
in SYSTEMPATH\Database\BaseConnection.php on line 428.
 1 SYSTEMPATH\Database\BaseConnection.php(575): CodeIgniter\Database\BaseConnection->initialize()
 2 SYSTEMPATH\Database\BaseBuilder.php(1700): CodeIgniter\Database\BaseConnection->query('SELECT COUNT(*) AS `numrows`
FROM `dosen`', [], false)
 3 SYSTEMPATH\Model.php(624): CodeIgniter\Database\BaseBuilder->countAllResults(false)
 4 SYSTEMPATH\BaseModel.php(1239): CodeIgniter\Model->countAllResults(false)
 5 APPPATH\Controllers\Dosen.php(14): CodeIgniter\BaseModel->paginate(2, 'dosen')
 6 SYSTEMPATH\CodeIgniter.php(941): App\Controllers\Dosen->index()
 7 SYSTEMPATH\CodeIgniter.php(502): CodeIgniter\CodeIgniter->runController(Object(App\Controllers\Dosen))
 8 SYSTEMPATH\CodeIgniter.php(361): CodeIgniter\CodeIgniter->handleRequest(null, Object(Config\Cache), false)
 9 FCPATH\index.php(79): CodeIgniter\CodeIgniter->run()
10 SYSTEMPATH\Commands\Server\rewrite.php(47): require_once('C:\\xampp\\htdocs\\farid - Copy\\public\\index.php')
ERROR - 2024-03-16 07:37:05 --> Error connecting to the database: mysqli_sql_exception: Access denied for user ''@'localhost' (using password: NO) in C:\xampp\htdocs\farid - Copy\system\Database\MySQLi\Connection.php:185
Stack trace:
#0 C:\xampp\htdocs\farid - Copy\system\Database\MySQLi\Connection.php(185): mysqli->real_connect('localhost', '', '', '', 3306, '', 0)
#1 C:\xampp\htdocs\farid - Copy\system\Database\BaseConnection.php(392): CodeIgniter\Database\MySQLi\Connection->connect(false)
#2 C:\xampp\htdocs\farid - Copy\system\Database\BaseConnection.php(575): CodeIgniter\Database\BaseConnection->initialize()
#3 C:\xampp\htdocs\farid - Copy\system\Database\BaseBuilder.php(1700): CodeIgniter\Database\BaseConnection->query('SELECT COUNT(*)...', Array, false)
#4 C:\xampp\htdocs\farid - Copy\system\Model.php(624): CodeIgniter\Database\BaseBuilder->countAllResults(false)
#5 C:\xampp\htdocs\farid - Copy\system\BaseModel.php(1239): CodeIgniter\Model->countAllResults(false)
#6 C:\xampp\htdocs\farid - Copy\app\Controllers\Dosen.php(14): CodeIgniter\BaseModel->paginate(2, 'dosen')
#7 C:\xampp\htdocs\farid - Copy\system\CodeIgniter.php(941): App\Controllers\Dosen->index()
#8 C:\xampp\htdocs\farid - Copy\system\CodeIgniter.php(502): CodeIgniter\CodeIgniter->runController(Object(App\Controllers\Dosen))
#9 C:\xampp\htdocs\farid - Copy\system\CodeIgniter.php(361): CodeIgniter\CodeIgniter->handleRequest(NULL, Object(Config\Cache), false)
#10 C:\xampp\htdocs\farid - Copy\public\index.php(79): CodeIgniter\CodeIgniter->run()
#11 C:\xampp\htdocs\farid - Copy\system\Commands\Server\rewrite.php(47): require_once('C:\\xampp\\htdocs...')
#12 {main}

Next CodeIgniter\Database\Exceptions\DatabaseException: Access denied for user ''@'localhost' (using password: NO) in C:\xampp\htdocs\farid - Copy\system\Database\MySQLi\Connection.php:229
Stack trace:
#0 C:\xampp\htdocs\farid - Copy\system\Database\BaseConnection.php(392): CodeIgniter\Database\MySQLi\Connection->connect(false)
#1 C:\xampp\htdocs\farid - Copy\system\Database\BaseConnection.php(575): CodeIgniter\Database\BaseConnection->initialize()
#2 C:\xampp\htdocs\farid - Copy\system\Database\BaseBuilder.php(1700): CodeIgniter\Database\BaseConnection->query('SELECT COUNT(*)...', Array, false)
#3 C:\xampp\htdocs\farid - Copy\system\Model.php(624): CodeIgniter\Database\BaseBuilder->countAllResults(false)
#4 C:\xampp\htdocs\farid - Copy\system\BaseModel.php(1239): CodeIgniter\Model->countAllResults(false)
#5 C:\xampp\htdocs\farid - Copy\app\Controllers\Dosen.php(14): CodeIgniter\BaseModel->paginate(2, 'dosen')
#6 C:\xampp\htdocs\farid - Copy\system\CodeIgniter.php(941): App\Controllers\Dosen->index()
#7 C:\xampp\htdocs\farid - Copy\system\CodeIgniter.php(502): CodeIgniter\CodeIgniter->runController(Object(App\Controllers\Dosen))
#8 C:\xampp\htdocs\farid - Copy\system\CodeIgniter.php(361): CodeIgniter\CodeIgniter->handleRequest(NULL, Object(Config\Cache), false)
#9 C:\xampp\htdocs\farid - Copy\public\index.php(79): CodeIgniter\CodeIgniter->run()
#10 C:\xampp\htdocs\farid - Copy\system\Commands\Server\rewrite.php(47): require_once('C:\\xampp\\htdocs...')
#11 {main}
CRITICAL - 2024-03-16 07:37:05 --> CodeIgniter\Database\Exceptions\DatabaseException: Unable to connect to the database.
Main connection [MySQLi]: Access denied for user ''@'localhost' (using password: NO)
in SYSTEMPATH\Database\BaseConnection.php on line 428.
 1 SYSTEMPATH\Database\BaseConnection.php(575): CodeIgniter\Database\BaseConnection->initialize()
 2 SYSTEMPATH\Database\BaseBuilder.php(1700): CodeIgniter\Database\BaseConnection->query('SELECT COUNT(*) AS `numrows`
FROM `dosen`', [], false)
 3 SYSTEMPATH\Model.php(624): CodeIgniter\Database\BaseBuilder->countAllResults(false)
 4 SYSTEMPATH\BaseModel.php(1239): CodeIgniter\Model->countAllResults(false)
 5 APPPATH\Controllers\Dosen.php(14): CodeIgniter\BaseModel->paginate(2, 'dosen')
 6 SYSTEMPATH\CodeIgniter.php(941): App\Controllers\Dosen->index()
 7 SYSTEMPATH\CodeIgniter.php(502): CodeIgniter\CodeIgniter->runController(Object(App\Controllers\Dosen))
 8 SYSTEMPATH\CodeIgniter.php(361): CodeIgniter\CodeIgniter->handleRequest(null, Object(Config\Cache), false)
 9 FCPATH\index.php(79): CodeIgniter\CodeIgniter->run()
10 SYSTEMPATH\Commands\Server\rewrite.php(47): require_once('C:\\xampp\\htdocs\\farid - Copy\\public\\index.php')
ERROR - 2024-03-16 07:37:05 --> Error connecting to the database: mysqli_sql_exception: Access denied for user ''@'localhost' (using password: NO) in C:\xampp\htdocs\farid - Copy\system\Database\MySQLi\Connection.php:185
Stack trace:
#0 C:\xampp\htdocs\farid - Copy\system\Database\MySQLi\Connection.php(185): mysqli->real_connect('localhost', '', '', '', 3306, '', 0)
#1 C:\xampp\htdocs\farid - Copy\system\Database\BaseConnection.php(392): CodeIgniter\Database\MySQLi\Connection->connect(false)
#2 C:\xampp\htdocs\farid - Copy\system\Database\BaseConnection.php(575): CodeIgniter\Database\BaseConnection->initialize()
#3 C:\xampp\htdocs\farid - Copy\system\Database\BaseBuilder.php(1700): CodeIgniter\Database\BaseConnection->query('SELECT COUNT(*)...', Array, false)
#4 C:\xampp\htdocs\farid - Copy\system\Model.php(624): CodeIgniter\Database\BaseBuilder->countAllResults(false)
#5 C:\xampp\htdocs\farid - Copy\system\BaseModel.php(1239): CodeIgniter\Model->countAllResults(false)
#6 C:\xampp\htdocs\farid - Copy\app\Controllers\Dosen.php(14): CodeIgniter\BaseModel->paginate(2, 'dosen')
#7 C:\xampp\htdocs\farid - Copy\system\CodeIgniter.php(941): App\Controllers\Dosen->index()
#8 C:\xampp\htdocs\farid - Copy\system\CodeIgniter.php(502): CodeIgniter\CodeIgniter->runController(Object(App\Controllers\Dosen))
#9 C:\xampp\htdocs\farid - Copy\system\CodeIgniter.php(361): CodeIgniter\CodeIgniter->handleRequest(NULL, Object(Config\Cache), false)
#10 C:\xampp\htdocs\farid - Copy\public\index.php(79): CodeIgniter\CodeIgniter->run()
#11 C:\xampp\htdocs\farid - Copy\system\Commands\Server\rewrite.php(47): require_once('C:\\xampp\\htdocs...')
#12 {main}

Next CodeIgniter\Database\Exceptions\DatabaseException: Access denied for user ''@'localhost' (using password: NO) in C:\xampp\htdocs\farid - Copy\system\Database\MySQLi\Connection.php:229
Stack trace:
#0 C:\xampp\htdocs\farid - Copy\system\Database\BaseConnection.php(392): CodeIgniter\Database\MySQLi\Connection->connect(false)
#1 C:\xampp\htdocs\farid - Copy\system\Database\BaseConnection.php(575): CodeIgniter\Database\BaseConnection->initialize()
#2 C:\xampp\htdocs\farid - Copy\system\Database\BaseBuilder.php(1700): CodeIgniter\Database\BaseConnection->query('SELECT COUNT(*)...', Array, false)
#3 C:\xampp\htdocs\farid - Copy\system\Model.php(624): CodeIgniter\Database\BaseBuilder->countAllResults(false)
#4 C:\xampp\htdocs\farid - Copy\system\BaseModel.php(1239): CodeIgniter\Model->countAllResults(false)
#5 C:\xampp\htdocs\farid - Copy\app\Controllers\Dosen.php(14): CodeIgniter\BaseModel->paginate(2, 'dosen')
#6 C:\xampp\htdocs\farid - Copy\system\CodeIgniter.php(941): App\Controllers\Dosen->index()
#7 C:\xampp\htdocs\farid - Copy\system\CodeIgniter.php(502): CodeIgniter\CodeIgniter->runController(Object(App\Controllers\Dosen))
#8 C:\xampp\htdocs\farid - Copy\system\CodeIgniter.php(361): CodeIgniter\CodeIgniter->handleRequest(NULL, Object(Config\Cache), false)
#9 C:\xampp\htdocs\farid - Copy\public\index.php(79): CodeIgniter\CodeIgniter->run()
#10 C:\xampp\htdocs\farid - Copy\system\Commands\Server\rewrite.php(47): require_once('C:\\xampp\\htdocs...')
#11 {main}
CRITICAL - 2024-03-16 07:37:05 --> CodeIgniter\Database\Exceptions\DatabaseException: Unable to connect to the database.
Main connection [MySQLi]: Access denied for user ''@'localhost' (using password: NO)
in SYSTEMPATH\Database\BaseConnection.php on line 428.
 1 SYSTEMPATH\Database\BaseConnection.php(575): CodeIgniter\Database\BaseConnection->initialize()
 2 SYSTEMPATH\Database\BaseBuilder.php(1700): CodeIgniter\Database\BaseConnection->query('SELECT COUNT(*) AS `numrows`
FROM `dosen`', [], false)
 3 SYSTEMPATH\Model.php(624): CodeIgniter\Database\BaseBuilder->countAllResults(false)
 4 SYSTEMPATH\BaseModel.php(1239): CodeIgniter\Model->countAllResults(false)
 5 APPPATH\Controllers\Dosen.php(14): CodeIgniter\BaseModel->paginate(2, 'dosen')
 6 SYSTEMPATH\CodeIgniter.php(941): App\Controllers\Dosen->index()
 7 SYSTEMPATH\CodeIgniter.php(502): CodeIgniter\CodeIgniter->runController(Object(App\Controllers\Dosen))
 8 SYSTEMPATH\CodeIgniter.php(361): CodeIgniter\CodeIgniter->handleRequest(null, Object(Config\Cache), false)
 9 FCPATH\index.php(79): CodeIgniter\CodeIgniter->run()
10 SYSTEMPATH\Commands\Server\rewrite.php(47): require_once('C:\\xampp\\htdocs\\farid - Copy\\public\\index.php')
ERROR - 2024-03-16 07:39:14 --> Error connecting to the database: mysqli_sql_exception: Access denied for user 'root'@'localhost' (using password: YES) in C:\xampp\htdocs\farid - Copy\system\Database\MySQLi\Connection.php:185
Stack trace:
#0 C:\xampp\htdocs\farid - Copy\system\Database\MySQLi\Connection.php(185): mysqli->real_connect('localhost', 'root', 'root', 'project_ci4', 3306, '', 0)
#1 C:\xampp\htdocs\farid - Copy\system\Database\BaseConnection.php(392): CodeIgniter\Database\MySQLi\Connection->connect(false)
#2 C:\xampp\htdocs\farid - Copy\system\Database\BaseConnection.php(575): CodeIgniter\Database\BaseConnection->initialize()
#3 C:\xampp\htdocs\farid - Copy\system\Database\BaseBuilder.php(1700): CodeIgniter\Database\BaseConnection->query('SELECT COUNT(*)...', Array, false)
#4 C:\xampp\htdocs\farid - Copy\system\Model.php(624): CodeIgniter\Database\BaseBuilder->countAllResults(false)
#5 C:\xampp\htdocs\farid - Copy\system\BaseModel.php(1239): CodeIgniter\Model->countAllResults(false)
#6 C:\xampp\htdocs\farid - Copy\app\Controllers\Dosen.php(14): CodeIgniter\BaseModel->paginate(2, 'dosen')
#7 C:\xampp\htdocs\farid - Copy\system\CodeIgniter.php(941): App\Controllers\Dosen->index()
#8 C:\xampp\htdocs\farid - Copy\system\CodeIgniter.php(502): CodeIgniter\CodeIgniter->runController(Object(App\Controllers\Dosen))
#9 C:\xampp\htdocs\farid - Copy\system\CodeIgniter.php(361): CodeIgniter\CodeIgniter->handleRequest(NULL, Object(Config\Cache), false)
#10 C:\xampp\htdocs\farid - Copy\public\index.php(79): CodeIgniter\CodeIgniter->run()
#11 C:\xampp\htdocs\farid - Copy\system\Commands\Server\rewrite.php(47): require_once('C:\\xampp\\htdocs...')
#12 {main}

Next CodeIgniter\Database\Exceptions\DatabaseException: Access denied for user '****'@'localhost' (using password: YES) in C:\xampp\htdocs\farid - Copy\system\Database\MySQLi\Connection.php:229
Stack trace:
#0 C:\xampp\htdocs\farid - Copy\system\Database\BaseConnection.php(392): CodeIgniter\Database\MySQLi\Connection->connect(false)
#1 C:\xampp\htdocs\farid - Copy\system\Database\BaseConnection.php(575): CodeIgniter\Database\BaseConnection->initialize()
#2 C:\xampp\htdocs\farid - Copy\system\Database\BaseBuilder.php(1700): CodeIgniter\Database\BaseConnection->query('SELECT COUNT(*)...', Array, false)
#3 C:\xampp\htdocs\farid - Copy\system\Model.php(624): CodeIgniter\Database\BaseBuilder->countAllResults(false)
#4 C:\xampp\htdocs\farid - Copy\system\BaseModel.php(1239): CodeIgniter\Model->countAllResults(false)
#5 C:\xampp\htdocs\farid - Copy\app\Controllers\Dosen.php(14): CodeIgniter\BaseModel->paginate(2, 'dosen')
#6 C:\xampp\htdocs\farid - Copy\system\CodeIgniter.php(941): App\Controllers\Dosen->index()
#7 C:\xampp\htdocs\farid - Copy\system\CodeIgniter.php(502): CodeIgniter\CodeIgniter->runController(Object(App\Controllers\Dosen))
#8 C:\xampp\htdocs\farid - Copy\system\CodeIgniter.php(361): CodeIgniter\CodeIgniter->handleRequest(NULL, Object(Config\Cache), false)
#9 C:\xampp\htdocs\farid - Copy\public\index.php(79): CodeIgniter\CodeIgniter->run()
#10 C:\xampp\htdocs\farid - Copy\system\Commands\Server\rewrite.php(47): require_once('C:\\xampp\\htdocs...')
#11 {main}
CRITICAL - 2024-03-16 07:39:14 --> CodeIgniter\Database\Exceptions\DatabaseException: Unable to connect to the database.
Main connection [MySQLi]: Access denied for user '****'@'localhost' (using password: YES)
in SYSTEMPATH\Database\BaseConnection.php on line 428.
 1 SYSTEMPATH\Database\BaseConnection.php(575): CodeIgniter\Database\BaseConnection->initialize()
 2 SYSTEMPATH\Database\BaseBuilder.php(1700): CodeIgniter\Database\BaseConnection->query('SELECT COUNT(*) AS `numrows`
FROM `dosen`', [], false)
 3 SYSTEMPATH\Model.php(624): CodeIgniter\Database\BaseBuilder->countAllResults(false)
 4 SYSTEMPATH\BaseModel.php(1239): CodeIgniter\Model->countAllResults(false)
 5 APPPATH\Controllers\Dosen.php(14): CodeIgniter\BaseModel->paginate(2, 'dosen')
 6 SYSTEMPATH\CodeIgniter.php(941): App\Controllers\Dosen->index()
 7 SYSTEMPATH\CodeIgniter.php(502): CodeIgniter\CodeIgniter->runController(Object(App\Controllers\Dosen))
 8 SYSTEMPATH\CodeIgniter.php(361): CodeIgniter\CodeIgniter->handleRequest(null, Object(Config\Cache), false)
 9 FCPATH\index.php(79): CodeIgniter\CodeIgniter->run()
10 SYSTEMPATH\Commands\Server\rewrite.php(47): require_once('C:\\xampp\\htdocs\\farid - Copy\\public\\index.php')
ERROR - 2024-03-16 07:39:14 --> Error connecting to the database: mysqli_sql_exception: Access denied for user 'root'@'localhost' (using password: YES) in C:\xampp\htdocs\farid - Copy\system\Database\MySQLi\Connection.php:185
Stack trace:
#0 C:\xampp\htdocs\farid - Copy\system\Database\MySQLi\Connection.php(185): mysqli->real_connect('localhost', 'root', 'root', 'project_ci4', 3306, '', 0)
#1 C:\xampp\htdocs\farid - Copy\system\Database\BaseConnection.php(392): CodeIgniter\Database\MySQLi\Connection->connect(false)
#2 C:\xampp\htdocs\farid - Copy\system\Database\BaseConnection.php(575): CodeIgniter\Database\BaseConnection->initialize()
#3 C:\xampp\htdocs\farid - Copy\system\Database\BaseBuilder.php(1700): CodeIgniter\Database\BaseConnection->query('SELECT COUNT(*)...', Array, false)
#4 C:\xampp\htdocs\farid - Copy\system\Model.php(624): CodeIgniter\Database\BaseBuilder->countAllResults(false)
#5 C:\xampp\htdocs\farid - Copy\system\BaseModel.php(1239): CodeIgniter\Model->countAllResults(false)
#6 C:\xampp\htdocs\farid - Copy\app\Controllers\Dosen.php(14): CodeIgniter\BaseModel->paginate(2, 'dosen')
#7 C:\xampp\htdocs\farid - Copy\system\CodeIgniter.php(941): App\Controllers\Dosen->index()
#8 C:\xampp\htdocs\farid - Copy\system\CodeIgniter.php(502): CodeIgniter\CodeIgniter->runController(Object(App\Controllers\Dosen))
#9 C:\xampp\htdocs\farid - Copy\system\CodeIgniter.php(361): CodeIgniter\CodeIgniter->handleRequest(NULL, Object(Config\Cache), false)
#10 C:\xampp\htdocs\farid - Copy\public\index.php(79): CodeIgniter\CodeIgniter->run()
#11 C:\xampp\htdocs\farid - Copy\system\Commands\Server\rewrite.php(47): require_once('C:\\xampp\\htdocs...')
#12 {main}

Next CodeIgniter\Database\Exceptions\DatabaseException: Access denied for user '****'@'localhost' (using password: YES) in C:\xampp\htdocs\farid - Copy\system\Database\MySQLi\Connection.php:229
Stack trace:
#0 C:\xampp\htdocs\farid - Copy\system\Database\BaseConnection.php(392): CodeIgniter\Database\MySQLi\Connection->connect(false)
#1 C:\xampp\htdocs\farid - Copy\system\Database\BaseConnection.php(575): CodeIgniter\Database\BaseConnection->initialize()
#2 C:\xampp\htdocs\farid - Copy\system\Database\BaseBuilder.php(1700): CodeIgniter\Database\BaseConnection->query('SELECT COUNT(*)...', Array, false)
#3 C:\xampp\htdocs\farid - Copy\system\Model.php(624): CodeIgniter\Database\BaseBuilder->countAllResults(false)
#4 C:\xampp\htdocs\farid - Copy\system\BaseModel.php(1239): CodeIgniter\Model->countAllResults(false)
#5 C:\xampp\htdocs\farid - Copy\app\Controllers\Dosen.php(14): CodeIgniter\BaseModel->paginate(2, 'dosen')
#6 C:\xampp\htdocs\farid - Copy\system\CodeIgniter.php(941): App\Controllers\Dosen->index()
#7 C:\xampp\htdocs\farid - Copy\system\CodeIgniter.php(502): CodeIgniter\CodeIgniter->runController(Object(App\Controllers\Dosen))
#8 C:\xampp\htdocs\farid - Copy\system\CodeIgniter.php(361): CodeIgniter\CodeIgniter->handleRequest(NULL, Object(Config\Cache), false)
#9 C:\xampp\htdocs\farid - Copy\public\index.php(79): CodeIgniter\CodeIgniter->run()
#10 C:\xampp\htdocs\farid - Copy\system\Commands\Server\rewrite.php(47): require_once('C:\\xampp\\htdocs...')
#11 {main}
CRITICAL - 2024-03-16 07:39:14 --> CodeIgniter\Database\Exceptions\DatabaseException: Unable to connect to the database.
Main connection [MySQLi]: Access denied for user '****'@'localhost' (using password: YES)
in SYSTEMPATH\Database\BaseConnection.php on line 428.
 1 SYSTEMPATH\Database\BaseConnection.php(575): CodeIgniter\Database\BaseConnection->initialize()
 2 SYSTEMPATH\Database\BaseBuilder.php(1700): CodeIgniter\Database\BaseConnection->query('SELECT COUNT(*) AS `numrows`
FROM `dosen`', [], false)
 3 SYSTEMPATH\Model.php(624): CodeIgniter\Database\BaseBuilder->countAllResults(false)
 4 SYSTEMPATH\BaseModel.php(1239): CodeIgniter\Model->countAllResults(false)
 5 APPPATH\Controllers\Dosen.php(14): CodeIgniter\BaseModel->paginate(2, 'dosen')
 6 SYSTEMPATH\CodeIgniter.php(941): App\Controllers\Dosen->index()
 7 SYSTEMPATH\CodeIgniter.php(502): CodeIgniter\CodeIgniter->runController(Object(App\Controllers\Dosen))
 8 SYSTEMPATH\CodeIgniter.php(361): CodeIgniter\CodeIgniter->handleRequest(null, Object(Config\Cache), false)
 9 FCPATH\index.php(79): CodeIgniter\CodeIgniter->run()
10 SYSTEMPATH\Commands\Server\rewrite.php(47): require_once('C:\\xampp\\htdocs\\farid - Copy\\public\\index.php')
INFO - 2024-03-16 07:39:35 --> Session: Class initialized using 'CodeIgniter\Session\Handlers\FileHandler' driver.
INFO - 2024-03-16 07:40:37 --> Session: Class initialized using 'CodeIgniter\Session\Handlers\FileHandler' driver.
